# Logfile created on 2013-04-23 16:42:39 -0500 by logger.rb/31641
Net::HTTP::Get: /imghp?hl=en&tab=ii
request-header: accept => */*
request-header: user-agent => Mechanize/2.6.0 Ruby/1.9.3p392 (http://github.com/sparklemotion/mechanize/)
request-header: accept-encoding => gzip,deflate,identity
request-header: accept-charset => ISO-8859-1,utf-8;q=0.7,*;q=0.7
request-header: accept-language => en-us,en;q=0.5
request-header: host => www.google.com
status: Net::HTTPOK 1.1 200 OK
response-header: date => Tue, 23 Apr 2013 21:42:36 GMT
response-header: expires => -1
response-header: cache-control => private, max-age=0
response-header: content-type => text/html; charset=ISO-8859-1
response-header: set-cookie => PREF=ID=3e8a15d4584e5ea5:FF=0:TM=1366753356:LM=1366753356:S=cTgBSCLIt2g7iPgq; expires=Thu, 23-Apr-2015 21:42:36 GMT; path=/; domain=.google.com, NID=67=OxIW8FUVFjWyC602AIFv4iyEOa33ndY8N-acguNuh-oXka27POX6SnkNh40PvQ1p-Wu6PO-xaO10C9NxpZ_WV3pAJiqMx3VMo2DhWZY-eY7hJ0XBame3zm6aIVceektC; expires=Wed, 23-Oct-2013 21:42:36 GMT; path=/; domain=.google.com; HttpOnly
response-header: p3p => CP="This is not a P3P policy! See http://www.google.com/support/accounts/bin/answer.py?hl=en&answer=151657 for more info."
response-header: server => gws
response-header: x-xss-protection => 1; mode=block
response-header: x-frame-options => SAMEORIGIN
response-header: transfer-encoding => chunked
Read 634 bytes (634 total)
Read 1404 bytes (2038 total)
Read 7020 bytes (9058 total)
Read 947 bytes (10005 total)
saved cookie: PREF=ID=3e8a15d4584e5ea5:FF=0:TM=1366753356:LM=1366753356:S=cTgBSCLIt2g7iPgq
saved cookie: NID=67=OxIW8FUVFjWyC602AIFv4iyEOa33ndY8N-acguNuh-oXka27POX6SnkNh40PvQ1p-Wu6PO-xaO10C9NxpZ_WV3pAJiqMx3VMo2DhWZY-eY7hJ0XBame3zm6aIVceektC
form encoding: ISO-8859-1
Net::HTTP::Get: /search?tbm=isch&ie=ISO-8859-1&hl=en&source=hp&q=Banana&gbv=1
request-header: accept => */*
request-header: user-agent => Mechanize/2.6.0 Ruby/1.9.3p392 (http://github.com/sparklemotion/mechanize/)
request-header: accept-encoding => gzip,deflate,identity
request-header: accept-charset => ISO-8859-1,utf-8;q=0.7,*;q=0.7
request-header: accept-language => en-us,en;q=0.5
request-header: cookie => PREF=ID=3e8a15d4584e5ea5:FF=0:TM=1366753356:LM=1366753356:S=cTgBSCLIt2g7iPgq; NID=67=OxIW8FUVFjWyC602AIFv4iyEOa33ndY8N-acguNuh-oXka27POX6SnkNh40PvQ1p-Wu6PO-xaO10C9NxpZ_WV3pAJiqMx3VMo2DhWZY-eY7hJ0XBame3zm6aIVceektC
request-header: host => www.google.com
request-header: referer => http://www.google.com/imghp?hl=en&tab=ii
status: Net::HTTPOK 1.1 200 OK
response-header: date => Tue, 23 Apr 2013 21:42:36 GMT
response-header: expires => -1
response-header: cache-control => private, max-age=0
response-header: content-type => text/html; charset=ISO-8859-1
response-header: set-cookie => PREF=ID=3e8a15d4584e5ea5:U=f939cdd21afb9834:FF=0:TM=1366753356:LM=1366753356:S=rZVnPoXEhQ5un9Ha; expires=Thu, 23-Apr-2015 21:42:36 GMT; path=/; domain=.google.com
response-header: server => gws
response-header: x-xss-protection => 1; mode=block
response-header: x-frame-options => SAMEORIGIN
response-header: transfer-encoding => chunked
Read 970 bytes (970 total)
Read 2808 bytes (3778 total)
Read 2808 bytes (6586 total)
Read 4212 bytes (10798 total)
Read 1404 bytes (12202 total)
Read 1218 bytes (13420 total)
Read 1398 bytes (14818 total)
Read 11232 bytes (26050 total)
Read 4212 bytes (30262 total)
Read 2808 bytes (33070 total)
Read 1404 bytes (34474 total)
Read 2808 bytes (37282 total)
Read 1404 bytes (38686 total)
Read 1743 bytes (40429 total)
saved cookie: PREF=ID=3e8a15d4584e5ea5:U=f939cdd21afb9834:FF=0:TM=1366753356:LM=1366753356:S=rZVnPoXEhQ5un9Ha
Net::HTTP::Get: /wikipedia/commons/8/8a/Banana-Single.jpg
request-header: accept => */*
request-header: user-agent => Mechanize/2.6.0 Ruby/1.9.3p392 (http://github.com/sparklemotion/mechanize/)
request-header: accept-encoding => gzip,deflate,identity
request-header: accept-charset => ISO-8859-1,utf-8;q=0.7,*;q=0.7
request-header: accept-language => en-us,en;q=0.5
request-header: host => upload.wikimedia.org
status: Net::HTTPOK 1.1 200 OK
response-header: x-object-meta-sha1base36 => egxrl8fpevbffz7z6qwma9x7eg05aod
response-header: last-modified => Wed, 18 Jul 2012 15:09:58 GMT
response-header: etag => 7eb94ee43260b415561a2f2a856c9e54
response-header: x-timestamp => 1342624198.67702
response-header: content-type => image/jpeg
response-header: x-varnish => 2880243312 2851651873, 291863000 291689960
response-header: via => 1.1 varnish, 1.1 varnish
response-header: content-length => 1780427
response-header: accept-ranges => bytes
response-header: date => Tue, 23 Apr 2013 21:42:37 GMT
response-header: age => 22935
response-header: connection => keep-alive
response-header: x-cache => cp1028 hit (310), dysprosium frontend hit (1)
response-header: access-control-allow-origin => *
Read 889 bytes (889 total)
Read 12636 bytes (13525 total)
Read 1404 bytes (14929 total)
Read 1404 bytes (16333 total)
Read 1404 bytes (17737 total)
Read 16384 bytes (34121 total)
Read 3272 bytes (37393 total)
Read 2808 bytes (40201 total)
Read 1404 bytes (41605 total)
Read 1404 bytes (43009 total)
Read 4212 bytes (47221 total)
Read 1404 bytes (48625 total)
Read 1404 bytes (50029 total)
Read 1404 bytes (51433 total)
Read 1404 bytes (52837 total)
Read 1404 bytes (54241 total)
Read 1404 bytes (55645 total)
Read 1404 bytes (57049 total)
Read 1404 bytes (58453 total)
Read 1404 bytes (59857 total)
Read 2808 bytes (62665 total)
Read 1404 bytes (64069 total)
Read 1404 bytes (65473 total)
Read 1404 bytes (66877 total)
Read 1404 bytes (68281 total)
Read 5616 bytes (73897 total)
Read 1404 bytes (75301 total)
Read 1404 bytes (76705 total)
Read 2808 bytes (79513 total)
Read 1404 bytes (80917 total)
Read 1404 bytes (82321 total)
Read 1404 bytes (83725 total)
Read 2808 bytes (86533 total)
Read 2808 bytes (89341 total)
Read 1404 bytes (90745 total)
Read 5616 bytes (96361 total)
Read 1404 bytes (97765 total)
Read 1404 bytes (99169 total)
Read 4212 bytes (103381 total)
Read 1404 bytes (104785 total)
Read 2808 bytes (107593 total)
Read 4212 bytes (111805 total)
Read 2808 bytes (114613 total)
Read 2808 bytes (117421 total)
Read 1404 bytes (118825 total)
Read 1404 bytes (120229 total)
Read 4212 bytes (124441 total)
Read 1404 bytes (125845 total)
Read 2808 bytes (128653 total)
Read 2808 bytes (131461 total)
Read 1404 bytes (132865 total)
Read 4212 bytes (137077 total)
Read 1404 bytes (138481 total)
Read 1404 bytes (139885 total)
Read 2808 bytes (142693 total)
Read 1404 bytes (144097 total)
Read 1404 bytes (145501 total)
Read 1404 bytes (146905 total)
Read 16384 bytes (163289 total)
Read 1868 bytes (165157 total)
Read 1404 bytes (166561 total)
Read 1404 bytes (167965 total)
Read 1404 bytes (169369 total)
Read 1404 bytes (170773 total)
Read 1404 bytes (172177 total)
Read 1404 bytes (173581 total)
Read 5616 bytes (179197 total)
Read 1404 bytes (180601 total)
Read 1404 bytes (182005 total)
Read 1404 bytes (183409 total)
Read 1404 bytes (184813 total)
Read 1404 bytes (186217 total)
Read 1404 bytes (187621 total)
Read 1404 bytes (189025 total)
Read 1404 bytes (190429 total)
Read 4212 bytes (194641 total)
Read 1404 bytes (196045 total)
Read 2808 bytes (198853 total)
Read 1404 bytes (200257 total)
Read 2808 bytes (203065 total)
Read 1404 bytes (204469 total)
Read 4212 bytes (208681 total)
Read 1404 bytes (210085 total)
Read 1404 bytes (211489 total)
Read 2808 bytes (214297 total)
Read 1404 bytes (215701 total)
Read 4212 bytes (219913 total)
Read 1404 bytes (221317 total)
Read 4212 bytes (225529 total)
Read 1404 bytes (226933 total)
Read 1404 bytes (228337 total)
Read 1404 bytes (229741 total)
Read 1404 bytes (231145 total)
Read 2808 bytes (233953 total)
Read 1404 bytes (235357 total)
Read 1404 bytes (236761 total)
Read 4212 bytes (240973 total)
Read 1404 bytes (242377 total)
Read 4212 bytes (246589 total)
Read 1404 bytes (247993 total)
Read 1404 bytes (249397 total)
Read 4212 bytes (253609 total)
Read 1404 bytes (255013 total)
Read 4212 bytes (259225 total)
Read 1404 bytes (260629 total)
Read 1404 bytes (262033 total)
Read 2808 bytes (264841 total)
Read 1404 bytes (266245 total)
Read 2808 bytes (269053 total)
Read 1404 bytes (270457 total)
Read 1404 bytes (271861 total)
Read 2808 bytes (274669 total)
Read 1404 bytes (276073 total)
Read 4212 bytes (280285 total)
Read 4212 bytes (284497 total)
Read 2808 bytes (287305 total)
Read 4212 bytes (291517 total)
Read 1404 bytes (292921 total)
Read 1404 bytes (294325 total)
Read 14040 bytes (308365 total)
Read 1404 bytes (309769 total)
Read 7020 bytes (316789 total)
Read 4212 bytes (321001 total)
Read 1404 bytes (322405 total)
Read 1404 bytes (323809 total)
Read 1404 bytes (325213 total)
Read 5616 bytes (330829 total)
Read 2808 bytes (333637 total)
Read 1404 bytes (335041 total)
Read 1404 bytes (336445 total)
Read 1404 bytes (337849 total)
Read 1404 bytes (339253 total)
Read 2808 bytes (342061 total)
Read 1404 bytes (343465 total)
Read 4212 bytes (347677 total)
Read 1404 bytes (349081 total)
Read 1404 bytes (350485 total)
Read 1404 bytes (351889 total)
Read 1404 bytes (353293 total)
Read 2808 bytes (356101 total)
Read 1404 bytes (357505 total)
Read 7020 bytes (364525 total)
Read 2808 bytes (367333 total)
Read 1404 bytes (368737 total)
Read 1404 bytes (370141 total)
Read 4212 bytes (374353 total)
Read 1404 bytes (375757 total)
Read 2808 bytes (378565 total)
Read 1404 bytes (379969 total)
Read 2808 bytes (382777 total)
Read 4212 bytes (386989 total)
Read 7020 bytes (394009 total)
Read 1404 bytes (395413 total)
Read 2808 bytes (398221 total)
Read 9828 bytes (408049 total)
Read 1404 bytes (409453 total)
Read 2808 bytes (412261 total)
Read 1404 bytes (413665 total)
Read 8424 bytes (422089 total)
Read 1404 bytes (423493 total)
Read 1404 bytes (424897 total)
Read 5616 bytes (430513 total)
Read 2808 bytes (433321 total)
Read 1404 bytes (434725 total)
Read 1404 bytes (436129 total)
Read 1404 bytes (437533 total)
Read 4212 bytes (441745 total)
Read 2808 bytes (444553 total)
Read 1404 bytes (445957 total)
Read 2808 bytes (448765 total)
Read 1404 bytes (450169 total)
Read 1404 bytes (451573 total)
Read 1404 bytes (452977 total)
Read 2808 bytes (455785 total)
Read 1404 bytes (457189 total)
Read 1404 bytes (458593 total)
Read 4212 bytes (462805 total)
Read 1404 bytes (464209 total)
Read 2808 bytes (467017 total)
Read 1404 bytes (468421 total)
Read 2808 bytes (471229 total)
Read 2808 bytes (474037 total)
Read 1404 bytes (475441 total)
Read 4212 bytes (479653 total)
Read 1404 bytes (481057 total)
Read 2808 bytes (483865 total)
Read 1404 bytes (485269 total)
Read 1404 bytes (486673 total)
Read 1404 bytes (488077 total)
Read 2808 bytes (490885 total)
Read 1404 bytes (492289 total)
Read 2808 bytes (495097 total)
Read 2808 bytes (497905 total)
Read 1404 bytes (499309 total)
Read 1404 bytes (500713 total)
Read 1404 bytes (502117 total)
Read 5616 bytes (507733 total)
Read 1404 bytes (509137 total)
Read 4212 bytes (513349 total)
Read 2808 bytes (516157 total)
Read 1404 bytes (517561 total)
Read 12636 bytes (530197 total)
Read 4212 bytes (534409 total)
Read 1404 bytes (535813 total)
Read 2808 bytes (538621 total)
Read 1404 bytes (540025 total)
Read 4212 bytes (544237 total)
Read 4212 bytes (548449 total)
Read 1404 bytes (549853 total)
Read 2808 bytes (552661 total)
Read 1404 bytes (554065 total)
Read 2808 bytes (556873 total)
Read 1404 bytes (558277 total)
Read 4212 bytes (562489 total)
Read 2808 bytes (565297 total)
Read 5616 bytes (570913 total)
Read 1404 bytes (572317 total)
Read 1404 bytes (573721 total)
Read 1404 bytes (575125 total)
Read 1404 bytes (576529 total)
Read 1404 bytes (577933 total)
Read 1404 bytes (579337 total)
Read 14040 bytes (593377 total)
Read 1404 bytes (594781 total)
Read 1404 bytes (596185 total)
Read 1404 bytes (597589 total)
Read 2808 bytes (600397 total)
Read 1404 bytes (601801 total)
Read 1404 bytes (603205 total)
Read 1404 bytes (604609 total)
Read 1404 bytes (606013 total)
Read 2808 bytes (608821 total)
Read 1404 bytes (610225 total)
Read 1404 bytes (611629 total)
Read 1404 bytes (613033 total)
Read 1404 bytes (614437 total)
Read 1404 bytes (615841 total)
Read 2808 bytes (618649 total)
Read 1404 bytes (620053 total)
Read 1404 bytes (621457 total)
Read 1404 bytes (622861 total)
Read 1404 bytes (624265 total)
Read 1404 bytes (625669 total)
Read 1404 bytes (627073 total)
Read 1404 bytes (628477 total)
Read 4212 bytes (632689 total)
Read 1404 bytes (634093 total)
Read 1404 bytes (635497 total)
Read 4212 bytes (639709 total)
Read 1404 bytes (641113 total)
Read 2808 bytes (643921 total)
Read 8424 bytes (652345 total)
Read 1404 bytes (653749 total)
Read 2808 bytes (656557 total)
Read 1404 bytes (657961 total)
Read 1404 bytes (659365 total)
Read 1404 bytes (660769 total)
Read 4212 bytes (664981 total)
Read 5616 bytes (670597 total)
Read 2808 bytes (673405 total)
Read 1404 bytes (674809 total)
Read 7020 bytes (681829 total)
Read 1404 bytes (683233 total)
Read 2808 bytes (686041 total)
Read 2808 bytes (688849 total)
Read 5616 bytes (694465 total)
Read 1404 bytes (695869 total)
Read 4212 bytes (700081 total)
Read 1404 bytes (701485 total)
Read 1404 bytes (702889 total)
Read 2808 bytes (705697 total)
Read 1404 bytes (707101 total)
Read 2808 bytes (709909 total)
Read 1404 bytes (711313 total)
Read 8424 bytes (719737 total)
Read 1404 bytes (721141 total)
Read 5616 bytes (726757 total)
Read 1404 bytes (728161 total)
Read 2808 bytes (730969 total)
Read 1404 bytes (732373 total)
Read 1404 bytes (733777 total)
Read 1404 bytes (735181 total)
Read 1404 bytes (736585 total)
Read 2808 bytes (739393 total)
Read 1404 bytes (740797 total)
Read 8424 bytes (749221 total)
Read 1404 bytes (750625 total)
Read 1404 bytes (752029 total)
Read 2808 bytes (754837 total)
Read 2808 bytes (757645 total)
Read 1404 bytes (759049 total)
Read 7020 bytes (766069 total)
Read 2808 bytes (768877 total)
Read 2808 bytes (771685 total)
Read 1404 bytes (773089 total)
Read 1404 bytes (774493 total)
Read 1404 bytes (775897 total)
Read 1404 bytes (777301 total)
Read 2808 bytes (780109 total)
Read 2808 bytes (782917 total)
Read 1404 bytes (784321 total)
Read 1404 bytes (785725 total)
Read 1404 bytes (787129 total)
Read 1404 bytes (788533 total)
Read 2808 bytes (791341 total)
Read 4212 bytes (795553 total)
Read 1404 bytes (796957 total)
Read 1404 bytes (798361 total)
Read 5616 bytes (803977 total)
Read 1404 bytes (805381 total)
Read 1404 bytes (806785 total)
Read 2808 bytes (809593 total)
Read 1404 bytes (810997 total)
Read 1404 bytes (812401 total)
Read 1404 bytes (813805 total)
Read 2808 bytes (816613 total)
Read 1404 bytes (818017 total)
Read 1404 bytes (819421 total)
Read 1404 bytes (820825 total)
Read 7020 bytes (827845 total)
Read 1404 bytes (829249 total)
Read 1404 bytes (830653 total)
Read 1404 bytes (832057 total)
Read 1404 bytes (833461 total)
Read 1404 bytes (834865 total)
Read 1404 bytes (836269 total)
Read 1404 bytes (837673 total)
Read 4212 bytes (841885 total)
Read 2808 bytes (844693 total)
Read 1404 bytes (846097 total)
Read 7020 bytes (853117 total)
Read 1404 bytes (854521 total)
Read 1404 bytes (855925 total)
Read 2808 bytes (858733 total)
Read 1404 bytes (860137 total)
Read 2808 bytes (862945 total)
Read 1404 bytes (864349 total)
Read 4212 bytes (868561 total)
Read 15444 bytes (884005 total)
Read 1404 bytes (885409 total)
Read 1404 bytes (886813 total)
Read 4212 bytes (891025 total)
Read 1404 bytes (892429 total)
Read 1404 bytes (893833 total)
Read 1404 bytes (895237 total)
Read 1404 bytes (896641 total)
Read 2808 bytes (899449 total)
Read 1404 bytes (900853 total)
Read 1404 bytes (902257 total)
Read 1404 bytes (903661 total)
Read 5616 bytes (909277 total)
Read 1404 bytes (910681 total)
Read 1404 bytes (912085 total)
Read 1404 bytes (913489 total)
Read 1404 bytes (914893 total)
Read 5616 bytes (920509 total)
Read 1404 bytes (921913 total)
Read 1404 bytes (923317 total)
Read 2808 bytes (926125 total)
Read 2808 bytes (928933 total)
Read 4212 bytes (933145 total)
Read 2808 bytes (935953 total)
Read 1404 bytes (937357 total)
Read 4212 bytes (941569 total)
Read 1404 bytes (942973 total)
Read 1404 bytes (944377 total)
Read 1404 bytes (945781 total)
Read 2808 bytes (948589 total)
Read 1404 bytes (949993 total)
Read 1404 bytes (951397 total)
Read 1404 bytes (952801 total)
Read 2808 bytes (955609 total)
Read 1404 bytes (957013 total)
Read 2808 bytes (959821 total)
Read 2808 bytes (962629 total)
Read 1404 bytes (964033 total)
Read 2808 bytes (966841 total)
Read 7020 bytes (973861 total)
Read 1404 bytes (975265 total)
Read 1404 bytes (976669 total)
Read 7020 bytes (983689 total)
Read 8424 bytes (992113 total)
Read 4212 bytes (996325 total)
Read 1404 bytes (997729 total)
Read 11232 bytes (1008961 total)
Read 1404 bytes (1010365 total)
Read 4212 bytes (1014577 total)
Read 1404 bytes (1015981 total)
Read 2808 bytes (1018789 total)
Read 1404 bytes (1020193 total)
Read 2808 bytes (1023001 total)
Read 4212 bytes (1027213 total)
Read 1404 bytes (1028617 total)
Read 1404 bytes (1030021 total)
Read 1404 bytes (1031425 total)
Read 1404 bytes (1032829 total)
Read 4212 bytes (1037041 total)
Read 1404 bytes (1038445 total)
Read 1404 bytes (1039849 total)
Read 1404 bytes (1041253 total)
Read 1404 bytes (1042657 total)
Read 1404 bytes (1044061 total)
Read 4212 bytes (1048273 total)
Read 1404 bytes (1049677 total)
Read 1404 bytes (1051081 total)
Read 2808 bytes (1053889 total)
Read 2808 bytes (1056697 total)
Read 1404 bytes (1058101 total)
Read 4212 bytes (1062313 total)
Read 2808 bytes (1065121 total)
Read 1404 bytes (1066525 total)
Read 2808 bytes (1069333 total)
Read 1404 bytes (1070737 total)
Read 4212 bytes (1074949 total)
Read 1404 bytes (1076353 total)
Read 1404 bytes (1077757 total)
Read 4212 bytes (1081969 total)
Read 2808 bytes (1084777 total)
Read 1404 bytes (1086181 total)
Read 1404 bytes (1087585 total)
Read 1404 bytes (1088989 total)
Read 1404 bytes (1090393 total)
Read 2808 bytes (1093201 total)
Read 1404 bytes (1094605 total)
Read 2808 bytes (1097413 total)
Read 2808 bytes (1100221 total)
Read 4212 bytes (1104433 total)
Read 1404 bytes (1105837 total)
Read 1404 bytes (1107241 total)
Read 2808 bytes (1110049 total)
Read 1404 bytes (1111453 total)
Read 1404 bytes (1112857 total)
Read 2808 bytes (1115665 total)
Read 1404 bytes (1117069 total)
Read 4212 bytes (1121281 total)
Read 2808 bytes (1124089 total)
Read 1404 bytes (1125493 total)
Read 2808 bytes (1128301 total)
Read 4212 bytes (1132513 total)
Read 2808 bytes (1135321 total)
Read 1404 bytes (1136725 total)
Read 5616 bytes (1142341 total)
Read 1404 bytes (1143745 total)
Read 2808 bytes (1146553 total)
Read 2808 bytes (1149361 total)
Read 4212 bytes (1153573 total)
Read 1404 bytes (1154977 total)
Read 7020 bytes (1161997 total)
Read 1404 bytes (1163401 total)
Read 2808 bytes (1166209 total)
Read 1404 bytes (1167613 total)
Read 2808 bytes (1170421 total)
Read 2808 bytes (1173229 total)
Read 1404 bytes (1174633 total)
Read 1404 bytes (1176037 total)
Read 2808 bytes (1178845 total)
Read 1404 bytes (1180249 total)
Read 2808 bytes (1183057 total)
Read 1404 bytes (1184461 total)
Read 1404 bytes (1185865 total)
Read 1404 bytes (1187269 total)
Read 2808 bytes (1190077 total)
Read 1404 bytes (1191481 total)
Read 1404 bytes (1192885 total)
Read 1404 bytes (1194289 total)
Read 2808 bytes (1197097 total)
Read 2808 bytes (1199905 total)
Read 1404 bytes (1201309 total)
Read 2808 bytes (1204117 total)
Read 1404 bytes (1205521 total)
Read 2808 bytes (1208329 total)
Read 1404 bytes (1209733 total)
Read 12636 bytes (1222369 total)
Read 1404 bytes (1223773 total)
Read 2808 bytes (1226581 total)
Read 2808 bytes (1229389 total)
Read 1404 bytes (1230793 total)
Read 2808 bytes (1233601 total)
Read 1404 bytes (1235005 total)
Read 1404 bytes (1236409 total)
Read 2808 bytes (1239217 total)
Read 1404 bytes (1240621 total)
Read 2808 bytes (1243429 total)
Read 2808 bytes (1246237 total)
Read 2808 bytes (1249045 total)
Read 1404 bytes (1250449 total)
Read 2808 bytes (1253257 total)
Read 4212 bytes (1257469 total)
Read 2808 bytes (1260277 total)
Read 1404 bytes (1261681 total)
Read 1404 bytes (1263085 total)
Read 1404 bytes (1264489 total)
Read 1404 bytes (1265893 total)
Read 4212 bytes (1270105 total)
Read 1404 bytes (1271509 total)
Read 2808 bytes (1274317 total)
Read 1404 bytes (1275721 total)
Read 8424 bytes (1284145 total)
Read 2808 bytes (1286953 total)
Read 1404 bytes (1288357 total)
Read 2808 bytes (1291165 total)
Read 1404 bytes (1292569 total)
Read 1404 bytes (1293973 total)
Read 4212 bytes (1298185 total)
Read 1404 bytes (1299589 total)
Read 2808 bytes (1302397 total)
Read 1404 bytes (1303801 total)
Read 8424 bytes (1312225 total)
Read 1404 bytes (1313629 total)
Read 4212 bytes (1317841 total)
Read 2808 bytes (1320649 total)
Read 1404 bytes (1322053 total)
Read 1404 bytes (1323457 total)
Read 1404 bytes (1324861 total)
Read 12636 bytes (1337497 total)
Read 1404 bytes (1338901 total)
Read 1404 bytes (1340305 total)
Read 1404 bytes (1341709 total)
Read 1404 bytes (1343113 total)
Read 4212 bytes (1347325 total)
Read 2808 bytes (1350133 total)
Read 1404 bytes (1351537 total)
Read 4212 bytes (1355749 total)
Read 2808 bytes (1358557 total)
Read 1404 bytes (1359961 total)
Read 2808 bytes (1362769 total)
Read 1404 bytes (1364173 total)
Read 2808 bytes (1366981 total)
Read 1404 bytes (1368385 total)
Read 1404 bytes (1369789 total)
Read 2808 bytes (1372597 total)
Read 1404 bytes (1374001 total)
Read 1404 bytes (1375405 total)
Read 1404 bytes (1376809 total)
Read 2808 bytes (1379617 total)
Read 1404 bytes (1381021 total)
Read 1404 bytes (1382425 total)
Read 4212 bytes (1386637 total)
Read 1404 bytes (1388041 total)
Read 2808 bytes (1390849 total)
Read 1404 bytes (1392253 total)
Read 2808 bytes (1395061 total)
Read 1404 bytes (1396465 total)
Read 1404 bytes (1397869 total)
Read 2808 bytes (1400677 total)
Read 1404 bytes (1402081 total)
Read 1404 bytes (1403485 total)
Read 4212 bytes (1407697 total)
Read 1404 bytes (1409101 total)
Read 1404 bytes (1410505 total)
Read 1404 bytes (1411909 total)
Read 2808 bytes (1414717 total)
Read 1404 bytes (1416121 total)
Read 2808 bytes (1418929 total)
Read 1404 bytes (1420333 total)
Read 2808 bytes (1423141 total)
Read 1404 bytes (1424545 total)
Read 2808 bytes (1427353 total)
Read 2808 bytes (1430161 total)
Read 1404 bytes (1431565 total)
Read 2808 bytes (1434373 total)
Read 4212 bytes (1438585 total)
Read 1404 bytes (1439989 total)
Read 5616 bytes (1445605 total)
Read 2808 bytes (1448413 total)
Read 4212 bytes (1452625 total)
Read 1404 bytes (1454029 total)
Read 2808 bytes (1456837 total)
Read 1404 bytes (1458241 total)
Read 1404 bytes (1459645 total)
Read 1404 bytes (1461049 total)
Read 1404 bytes (1462453 total)
Read 2808 bytes (1465261 total)
Read 1404 bytes (1466665 total)
Read 1404 bytes (1468069 total)
Read 4212 bytes (1472281 total)
Read 2808 bytes (1475089 total)
Read 1404 bytes (1476493 total)
Read 1404 bytes (1477897 total)
Read 11232 bytes (1489129 total)
Read 2808 bytes (1491937 total)
Read 1404 bytes (1493341 total)
Read 2808 bytes (1496149 total)
Read 1404 bytes (1497553 total)
Read 2808 bytes (1500361 total)
Read 1404 bytes (1501765 total)
Read 1404 bytes (1503169 total)
Read 1404 bytes (1504573 total)
Read 2808 bytes (1507381 total)
Read 1404 bytes (1508785 total)
Read 1404 bytes (1510189 total)
Read 2808 bytes (1512997 total)
Read 1404 bytes (1514401 total)
Read 1404 bytes (1515805 total)
Read 1404 bytes (1517209 total)
Read 1404 bytes (1518613 total)
Read 2808 bytes (1521421 total)
Read 1404 bytes (1522825 total)
Read 2808 bytes (1525633 total)
Read 4212 bytes (1529845 total)
Read 2808 bytes (1532653 total)
Read 1404 bytes (1534057 total)
Read 2808 bytes (1536865 total)
Read 1404 bytes (1538269 total)
Read 1404 bytes (1539673 total)
Read 1404 bytes (1541077 total)
Read 7020 bytes (1548097 total)
Read 1404 bytes (1549501 total)
Read 4212 bytes (1553713 total)
Read 1404 bytes (1555117 total)
Read 2808 bytes (1557925 total)
Read 4212 bytes (1562137 total)
Read 1404 bytes (1563541 total)
Read 4212 bytes (1567753 total)
Read 2808 bytes (1570561 total)
Read 1404 bytes (1571965 total)
Read 5616 bytes (1577581 total)
Read 2808 bytes (1580389 total)
Read 1404 bytes (1581793 total)
Read 2808 bytes (1584601 total)
Read 1404 bytes (1586005 total)
Read 1404 bytes (1587409 total)
Read 2808 bytes (1590217 total)
Read 1404 bytes (1591621 total)
Read 4212 bytes (1595833 total)
Read 1404 bytes (1597237 total)
Read 4212 bytes (1601449 total)
Read 1404 bytes (1602853 total)
Read 4212 bytes (1607065 total)
Read 4212 bytes (1611277 total)
Read 1404 bytes (1612681 total)
Read 2808 bytes (1615489 total)
Read 1404 bytes (1616893 total)
Read 2808 bytes (1619701 total)
Read 2808 bytes (1622509 total)
Read 1404 bytes (1623913 total)
Read 5616 bytes (1629529 total)
Read 2808 bytes (1632337 total)
Read 1404 bytes (1633741 total)
Read 5616 bytes (1639357 total)
Read 4212 bytes (1643569 total)
Read 1404 bytes (1644973 total)
Read 1404 bytes (1646377 total)
Read 4212 bytes (1650589 total)
Read 2808 bytes (1653397 total)
Read 1404 bytes (1654801 total)
Read 1404 bytes (1656205 total)
Read 4212 bytes (1660417 total)
Read 2808 bytes (1663225 total)
Read 1404 bytes (1664629 total)
Read 1404 bytes (1666033 total)
Read 8424 bytes (1674457 total)
Read 1404 bytes (1675861 total)
Read 1404 bytes (1677265 total)
Read 9828 bytes (1687093 total)
Read 1404 bytes (1688497 total)
Read 7020 bytes (1695517 total)
Read 1404 bytes (1696921 total)
Read 1404 bytes (1698325 total)
Read 2808 bytes (1701133 total)
Read 5616 bytes (1706749 total)
Read 5616 bytes (1712365 total)
Read 4212 bytes (1716577 total)
Read 1404 bytes (1717981 total)
Read 4212 bytes (1722193 total)
Read 5616 bytes (1727809 total)
Read 1404 bytes (1729213 total)
Read 9828 bytes (1739041 total)
Read 1404 bytes (1740445 total)
Read 2808 bytes (1743253 total)
Read 2808 bytes (1746061 total)
Read 4212 bytes (1750273 total)
Read 1404 bytes (1751677 total)
Read 7020 bytes (1758697 total)
Read 7020 bytes (1765717 total)
Read 1404 bytes (1767121 total)
Read 2808 bytes (1769929 total)
Read 1404 bytes (1771333 total)
Read 1404 bytes (1772737 total)
Read 1404 bytes (1774141 total)
Read 2808 bytes (1776949 total)
Read 3478 bytes (1780427 total)
Net::HTTP::Get: /imghp?hl=en&tab=ii
request-header: accept => */*
request-header: user-agent => Mechanize/2.6.0 Ruby/1.9.3p392 (http://github.com/sparklemotion/mechanize/)
request-header: accept-encoding => gzip,deflate,identity
request-header: accept-charset => ISO-8859-1,utf-8;q=0.7,*;q=0.7
request-header: accept-language => en-us,en;q=0.5
request-header: host => www.google.com
status: Net::HTTPOK 1.1 200 OK
response-header: date => Tue, 23 Apr 2013 21:43:02 GMT
response-header: expires => -1
response-header: cache-control => private, max-age=0
response-header: content-type => text/html; charset=ISO-8859-1
response-header: set-cookie => PREF=ID=09424cba500ea4da:FF=0:TM=1366753382:LM=1366753382:S=5F6Sfoq8DoHrNW1i; expires=Thu, 23-Apr-2015 21:43:02 GMT; path=/; domain=.google.com, NID=67=rmLS-PZbmxXc1bNWjxWQDH_7NDdfFDcG9pMNTRYI3HPP9CsDTpznYMt_yXfJ-lx8KTzM9CoZOeNliI8Sg-ogSJD848_Voaq_ANSe7w3kcc_YoEjlMF68pOk9GzeoOBuR; expires=Wed, 23-Oct-2013 21:43:02 GMT; path=/; domain=.google.com; HttpOnly
response-header: p3p => CP="This is not a P3P policy! See http://www.google.com/support/accounts/bin/answer.py?hl=en&answer=151657 for more info."
response-header: server => gws
response-header: x-xss-protection => 1; mode=block
response-header: x-frame-options => SAMEORIGIN
response-header: transfer-encoding => chunked
Read 634 bytes (634 total)
Read 9243 bytes (9877 total)
saved cookie: PREF=ID=09424cba500ea4da:FF=0:TM=1366753382:LM=1366753382:S=5F6Sfoq8DoHrNW1i
saved cookie: NID=67=rmLS-PZbmxXc1bNWjxWQDH_7NDdfFDcG9pMNTRYI3HPP9CsDTpznYMt_yXfJ-lx8KTzM9CoZOeNliI8Sg-ogSJD848_Voaq_ANSe7w3kcc_YoEjlMF68pOk9GzeoOBuR
form encoding: ISO-8859-1
Net::HTTP::Get: /search?tbm=isch&ie=ISO-8859-1&hl=en&source=hp&q=Chocolate&gbv=1
request-header: accept => */*
request-header: user-agent => Mechanize/2.6.0 Ruby/1.9.3p392 (http://github.com/sparklemotion/mechanize/)
request-header: accept-encoding => gzip,deflate,identity
request-header: accept-charset => ISO-8859-1,utf-8;q=0.7,*;q=0.7
request-header: accept-language => en-us,en;q=0.5
request-header: cookie => PREF=ID=09424cba500ea4da:FF=0:TM=1366753382:LM=1366753382:S=5F6Sfoq8DoHrNW1i; NID=67=rmLS-PZbmxXc1bNWjxWQDH_7NDdfFDcG9pMNTRYI3HPP9CsDTpznYMt_yXfJ-lx8KTzM9CoZOeNliI8Sg-ogSJD848_Voaq_ANSe7w3kcc_YoEjlMF68pOk9GzeoOBuR
request-header: host => www.google.com
request-header: referer => http://www.google.com/imghp?hl=en&tab=ii
status: Net::HTTPOK 1.1 200 OK
response-header: date => Tue, 23 Apr 2013 21:43:02 GMT
response-header: expires => -1
response-header: cache-control => private, max-age=0
response-header: content-type => text/html; charset=ISO-8859-1
response-header: set-cookie => PREF=ID=09424cba500ea4da:U=3c385b6afdb1589f:FF=0:TM=1366753382:LM=1366753382:S=yPxwZ307Y9f_4dkP; expires=Thu, 23-Apr-2015 21:43:02 GMT; path=/; domain=.google.com
response-header: server => gws
response-header: x-xss-protection => 1; mode=block
response-header: x-frame-options => SAMEORIGIN
response-header: transfer-encoding => chunked
Read 5182 bytes (5182 total)
Read 1404 bytes (6586 total)
Read 6855 bytes (13441 total)
Read 1398 bytes (14839 total)
Read 5616 bytes (20455 total)
Read 1404 bytes (21859 total)
Read 2808 bytes (24667 total)
Read 8424 bytes (33091 total)
Read 7938 bytes (41029 total)
saved cookie: PREF=ID=09424cba500ea4da:U=3c385b6afdb1589f:FF=0:TM=1366753382:LM=1366753382:S=yPxwZ307Y9f_4dkP
Net::HTTP::Get: /wikipedia/commons/f/f2/Chocolate.jpg
request-header: accept => */*
request-header: user-agent => Mechanize/2.6.0 Ruby/1.9.3p392 (http://github.com/sparklemotion/mechanize/)
request-header: accept-encoding => gzip,deflate,identity
request-header: accept-charset => ISO-8859-1,utf-8;q=0.7,*;q=0.7
request-header: accept-language => en-us,en;q=0.5
request-header: host => upload.wikimedia.org
status: Net::HTTPOK 1.1 200 OK
response-header: x-object-meta-sha1base36 => ichaa2ry3ro2e9isuogku8rtlicwb9l
response-header: last-modified => Fri, 20 Jul 2012 04:46:31 GMT
response-header: etag => bcd5604310ac7a55dbdf7222a2705d93
response-header: x-timestamp => 1342759591.65748
response-header: content-type => image/jpeg
response-header: x-varnish => 3045498584 3038731225, 1935560033
response-header: via => 1.1 varnish, 1.1 varnish
response-header: content-length => 243828
response-header: accept-ranges => bytes
response-header: date => Tue, 23 Apr 2013 21:43:04 GMT
response-header: age => 6151
response-header: connection => keep-alive
response-header: x-cache => cp1026 hit (59), cp1034 frontend miss (0)
response-header: access-control-allow-origin => *
Read 2308 bytes (2308 total)
Read 11232 bytes (13540 total)
Read 1404 bytes (14944 total)
Read 9828 bytes (24772 total)
Read 5616 bytes (30388 total)
Read 5616 bytes (36004 total)
Read 14040 bytes (50044 total)
Read 2808 bytes (52852 total)
Read 7020 bytes (59872 total)
Read 5616 bytes (65488 total)
Read 1404 bytes (66892 total)
Read 4212 bytes (71104 total)
Read 4212 bytes (75316 total)
Read 2808 bytes (78124 total)
Read 8424 bytes (86548 total)
Read 1404 bytes (87952 total)
Read 2808 bytes (90760 total)
Read 1404 bytes (92164 total)
Read 5616 bytes (97780 total)
Read 2808 bytes (100588 total)
Read 8424 bytes (109012 total)
Read 8424 bytes (117436 total)
Read 1404 bytes (118840 total)
Read 4212 bytes (123052 total)
Read 1404 bytes (124456 total)
Read 1404 bytes (125860 total)
Read 11232 bytes (137092 total)
Read 2808 bytes (139900 total)
Read 1404 bytes (141304 total)
Read 2808 bytes (144112 total)
Read 7020 bytes (151132 total)
Read 1404 bytes (152536 total)
Read 2808 bytes (155344 total)
Read 16384 bytes (171728 total)
Read 3272 bytes (175000 total)
Read 11232 bytes (186232 total)
Read 8424 bytes (194656 total)
Read 7020 bytes (201676 total)
Read 4212 bytes (205888 total)
Read 4212 bytes (210100 total)
Read 1404 bytes (211504 total)
Read 1404 bytes (212908 total)
Read 1404 bytes (214312 total)
Read 1404 bytes (215716 total)
Read 2808 bytes (218524 total)
Read 1404 bytes (219928 total)
Read 4212 bytes (224140 total)
Read 4212 bytes (228352 total)
Read 5616 bytes (233968 total)
Read 9860 bytes (243828 total)
Net::HTTP::Get: /imghp?hl=en&tab=ii
request-header: accept => */*
request-header: user-agent => Mechanize/2.6.0 Ruby/1.9.3p392 (http://github.com/sparklemotion/mechanize/)
request-header: accept-encoding => gzip,deflate,identity
request-header: accept-charset => ISO-8859-1,utf-8;q=0.7,*;q=0.7
request-header: accept-language => en-us,en;q=0.5
request-header: host => www.google.com
status: Net::HTTPOK 1.1 200 OK
response-header: date => Tue, 23 Apr 2013 21:44:00 GMT
response-header: expires => -1
response-header: cache-control => private, max-age=0
response-header: content-type => text/html; charset=ISO-8859-1
response-header: set-cookie => PREF=ID=ca3f8dd08eeef84c:FF=0:TM=1366753440:LM=1366753440:S=hwINRUHv4YuP8XKV; expires=Thu, 23-Apr-2015 21:44:00 GMT; path=/; domain=.google.com, NID=67=GdysKWPmdMW6GEmtYLUlcPhosFgdVv1pqAzo7eBT2coWBLTfdb1JNcPl57UJcYzPvEF5NX_qK7G1bRoS3uGcV-PYBebYxp0IlYP0echlZBAGkF-OqLwcpFDll-CqPNiw; expires=Wed, 23-Oct-2013 21:44:00 GMT; path=/; domain=.google.com; HttpOnly
response-header: p3p => CP="This is not a P3P policy! See http://www.google.com/support/accounts/bin/answer.py?hl=en&answer=151657 for more info."
response-header: server => gws
response-header: x-xss-protection => 1; mode=block
response-header: x-frame-options => SAMEORIGIN
response-header: transfer-encoding => chunked
Read 634 bytes (634 total)
Read 1404 bytes (2038 total)
Read 7875 bytes (9913 total)
saved cookie: PREF=ID=ca3f8dd08eeef84c:FF=0:TM=1366753440:LM=1366753440:S=hwINRUHv4YuP8XKV
saved cookie: NID=67=GdysKWPmdMW6GEmtYLUlcPhosFgdVv1pqAzo7eBT2coWBLTfdb1JNcPl57UJcYzPvEF5NX_qK7G1bRoS3uGcV-PYBebYxp0IlYP0echlZBAGkF-OqLwcpFDll-CqPNiw
form encoding: ISO-8859-1
Net::HTTP::Get: /search?tbm=isch&ie=ISO-8859-1&hl=en&source=hp&q=Noodles&gbv=1
request-header: accept => */*
request-header: user-agent => Mechanize/2.6.0 Ruby/1.9.3p392 (http://github.com/sparklemotion/mechanize/)
request-header: accept-encoding => gzip,deflate,identity
request-header: accept-charset => ISO-8859-1,utf-8;q=0.7,*;q=0.7
request-header: accept-language => en-us,en;q=0.5
request-header: cookie => PREF=ID=ca3f8dd08eeef84c:FF=0:TM=1366753440:LM=1366753440:S=hwINRUHv4YuP8XKV; NID=67=GdysKWPmdMW6GEmtYLUlcPhosFgdVv1pqAzo7eBT2coWBLTfdb1JNcPl57UJcYzPvEF5NX_qK7G1bRoS3uGcV-PYBebYxp0IlYP0echlZBAGkF-OqLwcpFDll-CqPNiw
request-header: host => www.google.com
request-header: referer => http://www.google.com/imghp?hl=en&tab=ii
status: Net::HTTPOK 1.1 200 OK
response-header: date => Tue, 23 Apr 2013 21:44:00 GMT
response-header: expires => -1
response-header: cache-control => private, max-age=0
response-header: content-type => text/html; charset=ISO-8859-1
response-header: set-cookie => PREF=ID=ca3f8dd08eeef84c:U=c85a7de67c189b8d:FF=0:TM=1366753440:LM=1366753440:S=QnbFctnlKwK-00Oy; expires=Thu, 23-Apr-2015 21:44:00 GMT; path=/; domain=.google.com
response-header: server => gws
response-header: x-xss-protection => 1; mode=block
response-header: x-frame-options => SAMEORIGIN
response-header: transfer-encoding => chunked
Read 970 bytes (970 total)
Read 1404 bytes (2374 total)
Read 2808 bytes (5182 total)
Read 1404 bytes (6586 total)
Read 1404 bytes (7990 total)
Read 1404 bytes (9394 total)
Read 1404 bytes (10798 total)
Read 1404 bytes (12202 total)
Read 1225 bytes (13427 total)
Read 1398 bytes (14825 total)
Read 2808 bytes (17633 total)
Read 1404 bytes (19037 total)
Read 4212 bytes (23249 total)
Read 2808 bytes (26057 total)
Read 7020 bytes (33077 total)
Read 1404 bytes (34481 total)
Read 1404 bytes (35885 total)
Read 2808 bytes (38693 total)
Read 1723 bytes (40416 total)
saved cookie: PREF=ID=ca3f8dd08eeef84c:U=c85a7de67c189b8d:FF=0:TM=1366753440:LM=1366753440:S=QnbFctnlKwK-00Oy
Net::HTTP::Get: /2011/11/fresh-ramen-noodles2.jpg
request-header: accept => */*
request-header: user-agent => Mechanize/2.6.0 Ruby/1.9.3p392 (http://github.com/sparklemotion/mechanize/)
request-header: accept-encoding => gzip,deflate,identity
request-header: accept-charset => ISO-8859-1,utf-8;q=0.7,*;q=0.7
request-header: accept-language => en-us,en;q=0.5
request-header: host => ramenreporter.files.wordpress.com
status: Net::HTTPOK 1.1 200 OK
response-header: server => nginx
response-header: date => Tue, 23 Apr 2013 21:44:01 GMT
response-header: content-type => image/jpeg
response-header: content-length => 844293
response-header: connection => keep-alive
response-header: last-modified => Sun, 06 Nov 2011 23:03:29 GMT
response-header: expires => Mon, 20 May 2013 20:47:53 GMT
response-header: x-orig-src => 01_mogdir
response-header: x-nc => HIT sat 170
response-header: accept-ranges => bytes
Read 0 bytes (0 total)
Read 1404 bytes (1404 total)
Read 4212 bytes (5616 total)
Read 1624 bytes (7240 total)
Read 1404 bytes (8644 total)
Read 2808 bytes (11452 total)
Read 1404 bytes (12856 total)
Read 1404 bytes (14260 total)
Read 1404 bytes (15664 total)
Read 1404 bytes (17068 total)
Read 5616 bytes (22684 total)
Read 1404 bytes (24088 total)
Read 1404 bytes (25492 total)
Read 4212 bytes (29704 total)
Read 1404 bytes (31108 total)
Read 2808 bytes (33916 total)
Read 2808 bytes (36724 total)
Read 1404 bytes (38128 total)
Read 1404 bytes (39532 total)
Read 5616 bytes (45148 total)
Read 2808 bytes (47956 total)
Read 8424 bytes (56380 total)
Read 5616 bytes (61996 total)
Read 1404 bytes (63400 total)
Read 1404 bytes (64804 total)
Read 2808 bytes (67612 total)
Read 1404 bytes (69016 total)
Read 5616 bytes (74632 total)
Read 8424 bytes (83056 total)
Read 4212 bytes (87268 total)
Read 15444 bytes (102712 total)
Read 4212 bytes (106924 total)
Read 2808 bytes (109732 total)
Read 1404 bytes (111136 total)
Read 4212 bytes (115348 total)
Read 1404 bytes (116752 total)
Read 1404 bytes (118156 total)
Read 2808 bytes (120964 total)
Read 1404 bytes (122368 total)
Read 8424 bytes (130792 total)
Read 15444 bytes (146236 total)
Read 1404 bytes (147640 total)
Read 4212 bytes (151852 total)
Read 11232 bytes (163084 total)
Read 11232 bytes (174316 total)
Read 1404 bytes (175720 total)
Read 2808 bytes (178528 total)
Read 2808 bytes (181336 total)
Read 1404 bytes (182740 total)
Read 8424 bytes (191164 total)
Read 16384 bytes (207548 total)
Read 6080 bytes (213628 total)
Read 16384 bytes (230012 total)
Read 14504 bytes (244516 total)
Read 1404 bytes (245920 total)
Read 4212 bytes (250132 total)
Read 2808 bytes (252940 total)
Read 1404 bytes (254344 total)
Read 5616 bytes (259960 total)
Read 4212 bytes (264172 total)
Read 5616 bytes (269788 total)
Read 5616 bytes (275404 total)
Read 1404 bytes (276808 total)
Read 1404 bytes (278212 total)
Read 2808 bytes (281020 total)
Read 1404 bytes (282424 total)
Read 4212 bytes (286636 total)
Read 5616 bytes (292252 total)
Read 1404 bytes (293656 total)
Read 1404 bytes (295060 total)
Read 5616 bytes (300676 total)
Read 5616 bytes (306292 total)
Read 2808 bytes (309100 total)
Read 2808 bytes (311908 total)
Read 1404 bytes (313312 total)
Read 1404 bytes (314716 total)
Read 2808 bytes (317524 total)
Read 2808 bytes (320332 total)
Read 1404 bytes (321736 total)
Read 1404 bytes (323140 total)
Read 4212 bytes (327352 total)
Read 8424 bytes (335776 total)
Read 1404 bytes (337180 total)
Read 8424 bytes (345604 total)
Read 5616 bytes (351220 total)
Read 7020 bytes (358240 total)
Read 7020 bytes (365260 total)
Read 2808 bytes (368068 total)
Read 1404 bytes (369472 total)
Read 2808 bytes (372280 total)
Read 2808 bytes (375088 total)
Read 1404 bytes (376492 total)
Read 1404 bytes (377896 total)
Read 2808 bytes (380704 total)
Read 1404 bytes (382108 total)
Read 2808 bytes (384916 total)
Read 1404 bytes (386320 total)
Read 2808 bytes (389128 total)
Read 7020 bytes (396148 total)
Read 8424 bytes (404572 total)
Read 1404 bytes (405976 total)
Read 2808 bytes (408784 total)
Read 14040 bytes (422824 total)
Read 16384 bytes (439208 total)
Read 8888 bytes (448096 total)
Read 4212 bytes (452308 total)
Read 1404 bytes (453712 total)
Read 9828 bytes (463540 total)
Read 4212 bytes (467752 total)
Read 1404 bytes (469156 total)
Read 1404 bytes (470560 total)
Read 2808 bytes (473368 total)
Read 2808 bytes (476176 total)
Read 2808 bytes (478984 total)
Read 1404 bytes (480388 total)
Read 2808 bytes (483196 total)
Read 2808 bytes (486004 total)
Read 1404 bytes (487408 total)
Read 1404 bytes (488812 total)
Read 1404 bytes (490216 total)
Read 1404 bytes (491620 total)
Read 4212 bytes (495832 total)
Read 1404 bytes (497236 total)
Read 2808 bytes (500044 total)
Read 2808 bytes (502852 total)
Read 2808 bytes (505660 total)
Read 1404 bytes (507064 total)
Read 1404 bytes (508468 total)
Read 2808 bytes (511276 total)
Read 1404 bytes (512680 total)
Read 2808 bytes (515488 total)
Read 2808 bytes (518296 total)
Read 1404 bytes (519700 total)
Read 2808 bytes (522508 total)
Read 1404 bytes (523912 total)
Read 4212 bytes (528124 total)
Read 1404 bytes (529528 total)
Read 1404 bytes (530932 total)
Read 1404 bytes (532336 total)
Read 1404 bytes (533740 total)
Read 1404 bytes (535144 total)
Read 2808 bytes (537952 total)
Read 8424 bytes (546376 total)
Read 9828 bytes (556204 total)
Read 1404 bytes (557608 total)
Read 1404 bytes (559012 total)
Read 2808 bytes (561820 total)
Read 8424 bytes (570244 total)
Read 8424 bytes (578668 total)
Read 4212 bytes (582880 total)
Read 2808 bytes (585688 total)
Read 16384 bytes (602072 total)
Read 16384 bytes (618456 total)
Read 16384 bytes (634840 total)
Read 16384 bytes (651224 total)
Read 11684 bytes (662908 total)
Read 1404 bytes (664312 total)
Read 2808 bytes (667120 total)
Read 2808 bytes (669928 total)
Read 2808 bytes (672736 total)
Read 8424 bytes (681160 total)
Read 2808 bytes (683968 total)
Read 1404 bytes (685372 total)
Read 7020 bytes (692392 total)
Read 4212 bytes (696604 total)
Read 1404 bytes (698008 total)
Read 1404 bytes (699412 total)
Read 1404 bytes (700816 total)
Read 1404 bytes (702220 total)
Read 4212 bytes (706432 total)
Read 7020 bytes (713452 total)
Read 4212 bytes (717664 total)
Read 2808 bytes (720472 total)
Read 1404 bytes (721876 total)
Read 2808 bytes (724684 total)
Read 1404 bytes (726088 total)
Read 1404 bytes (727492 total)
Read 1404 bytes (728896 total)
Read 2808 bytes (731704 total)
Read 1404 bytes (733108 total)
Read 1404 bytes (734512 total)
Read 1404 bytes (735916 total)
Read 2808 bytes (738724 total)
Read 4212 bytes (742936 total)
Read 1404 bytes (744340 total)
Read 11232 bytes (755572 total)
Read 16384 bytes (771956 total)
Read 8888 bytes (780844 total)
Read 4212 bytes (785056 total)
Read 1404 bytes (786460 total)
Read 1404 bytes (787864 total)
Read 1404 bytes (789268 total)
Read 1404 bytes (790672 total)
Read 1404 bytes (792076 total)
Read 1404 bytes (793480 total)
Read 2808 bytes (796288 total)
Read 5616 bytes (801904 total)
Read 2808 bytes (804712 total)
Read 7020 bytes (811732 total)
Read 2808 bytes (814540 total)
Read 2808 bytes (817348 total)
Read 1404 bytes (818752 total)
Read 1404 bytes (820156 total)
Read 2808 bytes (822964 total)
Read 2808 bytes (825772 total)
Read 1404 bytes (827176 total)
Read 7020 bytes (834196 total)
Read 4212 bytes (838408 total)
Read 2808 bytes (841216 total)
Read 1404 bytes (842620 total)
Read 1673 bytes (844293 total)
Net::HTTP::Get: /imghp?hl=en&tab=ii
request-header: accept => */*
request-header: user-agent => Mechanize/2.6.0 Ruby/1.9.3p392 (http://github.com/sparklemotion/mechanize/)
request-header: accept-encoding => gzip,deflate,identity
request-header: accept-charset => ISO-8859-1,utf-8;q=0.7,*;q=0.7
request-header: accept-language => en-us,en;q=0.5
request-header: host => www.google.com
status: Net::HTTPOK 1.1 200 OK
response-header: date => Tue, 23 Apr 2013 21:44:48 GMT
response-header: expires => -1
response-header: cache-control => private, max-age=0
response-header: content-type => text/html; charset=ISO-8859-1
response-header: set-cookie => PREF=ID=461b9f4427ab3e3e:FF=0:TM=1366753488:LM=1366753488:S=7aBujPBfxPuz-gni; expires=Thu, 23-Apr-2015 21:44:48 GMT; path=/; domain=.google.com, NID=67=vteWuycWuVJcIZtQuNkAhHzqz2-LooVT9t1wa3RrMNVFEzJRsYh9vflOa-KOJwuW76xXrSDtJ_Gh8R1s0J2AdyR291Osq0_9uucogqzVbXEclzn7YIHY1038pc39Suv3; expires=Wed, 23-Oct-2013 21:44:48 GMT; path=/; domain=.google.com; HttpOnly
response-header: p3p => CP="This is not a P3P policy! See http://www.google.com/support/accounts/bin/answer.py?hl=en&answer=151657 for more info."
response-header: server => gws
response-header: x-xss-protection => 1; mode=block
response-header: x-frame-options => SAMEORIGIN
response-header: transfer-encoding => chunked
Read 634 bytes (634 total)
Read 2808 bytes (3442 total)
Read 6423 bytes (9865 total)
saved cookie: PREF=ID=461b9f4427ab3e3e:FF=0:TM=1366753488:LM=1366753488:S=7aBujPBfxPuz-gni
saved cookie: NID=67=vteWuycWuVJcIZtQuNkAhHzqz2-LooVT9t1wa3RrMNVFEzJRsYh9vflOa-KOJwuW76xXrSDtJ_Gh8R1s0J2AdyR291Osq0_9uucogqzVbXEclzn7YIHY1038pc39Suv3
form encoding: ISO-8859-1
Net::HTTP::Get: /search?tbm=isch&ie=ISO-8859-1&hl=en&source=hp&q=Penis&gbv=1
request-header: accept => */*
request-header: user-agent => Mechanize/2.6.0 Ruby/1.9.3p392 (http://github.com/sparklemotion/mechanize/)
request-header: accept-encoding => gzip,deflate,identity
request-header: accept-charset => ISO-8859-1,utf-8;q=0.7,*;q=0.7
request-header: accept-language => en-us,en;q=0.5
request-header: cookie => PREF=ID=461b9f4427ab3e3e:FF=0:TM=1366753488:LM=1366753488:S=7aBujPBfxPuz-gni; NID=67=vteWuycWuVJcIZtQuNkAhHzqz2-LooVT9t1wa3RrMNVFEzJRsYh9vflOa-KOJwuW76xXrSDtJ_Gh8R1s0J2AdyR291Osq0_9uucogqzVbXEclzn7YIHY1038pc39Suv3
request-header: host => www.google.com
request-header: referer => http://www.google.com/imghp?hl=en&tab=ii
status: Net::HTTPOK 1.1 200 OK
response-header: date => Tue, 23 Apr 2013 21:44:48 GMT
response-header: expires => -1
response-header: cache-control => private, max-age=0
response-header: content-type => text/html; charset=ISO-8859-1
response-header: set-cookie => PREF=ID=461b9f4427ab3e3e:U=1341b2f1a91b159f:FF=0:TM=1366753488:LM=1366753488:S=vxGfP2lcuc5SiJPc; expires=Thu, 23-Apr-2015 21:44:48 GMT; path=/; domain=.google.com
response-header: server => gws
response-header: x-xss-protection => 1; mode=block
response-header: x-frame-options => SAMEORIGIN
response-header: transfer-encoding => chunked
Read 970 bytes (970 total)
Read 2808 bytes (3778 total)
Read 2808 bytes (6586 total)
Read 6827 bytes (13413 total)
Read 1398 bytes (14811 total)
Read 2808 bytes (17619 total)
Read 9828 bytes (27447 total)
Read 2808 bytes (30255 total)
Read 2808 bytes (33063 total)
Read 1404 bytes (34467 total)
Read 1404 bytes (35871 total)
Read 3535 bytes (39406 total)
saved cookie: PREF=ID=461b9f4427ab3e3e:U=1341b2f1a91b159f:FF=0:TM=1366753488:LM=1366753488:S=vxGfP2lcuc5SiJPc
Net::HTTP::Get: /wikipedia/commons/d/d5/Human_penis_and_scrotum.JPG
request-header: accept => */*
request-header: user-agent => Mechanize/2.6.0 Ruby/1.9.3p392 (http://github.com/sparklemotion/mechanize/)
request-header: accept-encoding => gzip,deflate,identity
request-header: accept-charset => ISO-8859-1,utf-8;q=0.7,*;q=0.7
request-header: accept-language => en-us,en;q=0.5
request-header: host => upload.wikimedia.org
status: Net::HTTPOK 1.1 200 OK
response-header: x-object-meta-sha1base36 => 06brvjvy8872yfatocll7wivhleymhj
response-header: last-modified => Fri, 20 Jul 2012 10:16:03 GMT
response-header: etag => cba4855182614bb8024892dddab09058
response-header: x-timestamp => 1342779363.39344
response-header: content-type => image/jpeg
response-header: x-varnish => 1799203173 1791453483, 293418480 278224927
response-header: via => 1.1 varnish, 1.1 varnish
response-header: content-length => 2573690
response-header: accept-ranges => bytes
response-header: date => Tue, 23 Apr 2013 21:44:48 GMT
response-header: age => 7616
response-header: connection => keep-alive
response-header: x-cache => cp1025 hit (506), dysprosium frontend hit (65)
response-header: access-control-allow-origin => *
Read 13525 bytes (13525 total)
Read 1404 bytes (14929 total)
Read 1404 bytes (16333 total)
Read 1404 bytes (17737 total)
Read 5616 bytes (23353 total)
Read 7020 bytes (30373 total)
Read 1404 bytes (31777 total)
Read 2808 bytes (34585 total)
Read 1404 bytes (35989 total)
Read 2808 bytes (38797 total)
Read 7020 bytes (45817 total)
Read 4212 bytes (50029 total)
Read 4212 bytes (54241 total)
Read 1404 bytes (55645 total)
Read 1404 bytes (57049 total)
Read 1404 bytes (58453 total)
Read 1404 bytes (59857 total)
Read 15444 bytes (75301 total)
Read 5616 bytes (80917 total)
Read 8424 bytes (89341 total)
Read 8424 bytes (97765 total)
Read 1404 bytes (99169 total)
Read 1404 bytes (100573 total)
Read 1404 bytes (101977 total)
Read 2808 bytes (104785 total)
Read 1404 bytes (106189 total)
Read 8424 bytes (114613 total)
Read 8424 bytes (123037 total)
Read 4212 bytes (127249 total)
Read 5616 bytes (132865 total)
Read 1404 bytes (134269 total)
Read 2808 bytes (137077 total)
Read 1404 bytes (138481 total)
Read 1404 bytes (139885 total)
Read 1404 bytes (141289 total)
Read 1404 bytes (142693 total)
Read 5616 bytes (148309 total)
Read 4212 bytes (152521 total)
Read 2808 bytes (155329 total)
Read 1404 bytes (156733 total)
Read 2808 bytes (159541 total)
Read 7020 bytes (166561 total)
Read 1404 bytes (167965 total)
Read 5616 bytes (173581 total)
Read 5616 bytes (179197 total)
Read 7020 bytes (186217 total)
Read 2808 bytes (189025 total)
Read 2808 bytes (191833 total)
Read 1404 bytes (193237 total)
Read 4212 bytes (197449 total)
Read 5616 bytes (203065 total)
Read 1404 bytes (204469 total)
Read 1404 bytes (205873 total)
Read 4212 bytes (210085 total)
Read 8424 bytes (218509 total)
Read 2808 bytes (221317 total)
Read 1404 bytes (222721 total)
Read 1404 bytes (224125 total)
Read 1404 bytes (225529 total)
Read 1404 bytes (226933 total)
Read 2808 bytes (229741 total)
Read 1404 bytes (231145 total)
Read 2808 bytes (233953 total)
Read 5616 bytes (239569 total)
Read 2808 bytes (242377 total)
Read 5616 bytes (247993 total)
Read 1404 bytes (249397 total)
Read 9828 bytes (259225 total)
Read 11232 bytes (270457 total)
Read 9828 bytes (280285 total)
Read 1404 bytes (281689 total)
Read 4212 bytes (285901 total)
Read 1404 bytes (287305 total)
Read 5616 bytes (292921 total)
Read 12636 bytes (305557 total)
Read 2808 bytes (308365 total)
Read 4212 bytes (312577 total)
Read 5616 bytes (318193 total)
Read 2808 bytes (321001 total)
Read 12636 bytes (333637 total)
Read 16384 bytes (350021 total)
Read 6080 bytes (356101 total)
Read 1404 bytes (357505 total)
Read 4212 bytes (361717 total)
Read 4212 bytes (365929 total)
Read 1404 bytes (367333 total)
Read 1404 bytes (368737 total)
Read 1404 bytes (370141 total)
Read 2808 bytes (372949 total)
Read 1404 bytes (374353 total)
Read 1404 bytes (375757 total)
Read 1404 bytes (377161 total)
Read 1404 bytes (378565 total)
Read 5616 bytes (384181 total)
Read 12636 bytes (396817 total)
Read 1404 bytes (398221 total)
Read 4212 bytes (402433 total)
Read 16384 bytes (418817 total)
Read 8888 bytes (427705 total)
Read 1404 bytes (429109 total)
Read 2808 bytes (431917 total)
Read 1404 bytes (433321 total)
Read 1404 bytes (434725 total)
Read 1404 bytes (436129 total)
Read 5616 bytes (441745 total)
Read 1404 bytes (443149 total)
Read 2808 bytes (445957 total)
Read 9828 bytes (455785 total)
Read 12636 bytes (468421 total)
Read 5616 bytes (474037 total)
Read 1404 bytes (475441 total)
Read 1404 bytes (476845 total)
Read 2808 bytes (479653 total)
Read 2808 bytes (482461 total)
Read 1404 bytes (483865 total)
Read 1404 bytes (485269 total)
Read 2808 bytes (488077 total)
Read 1404 bytes (489481 total)
Read 1404 bytes (490885 total)
Read 7020 bytes (497905 total)
Read 7020 bytes (504925 total)
Read 1404 bytes (506329 total)
Read 1404 bytes (507733 total)
Read 7020 bytes (514753 total)
Read 12636 bytes (527389 total)
Read 4212 bytes (531601 total)
Read 2808 bytes (534409 total)
Read 1404 bytes (535813 total)
Read 4212 bytes (540025 total)
Read 1404 bytes (541429 total)
Read 1404 bytes (542833 total)
Read 1404 bytes (544237 total)
Read 2808 bytes (547045 total)
Read 1404 bytes (548449 total)
Read 1404 bytes (549853 total)
Read 2808 bytes (552661 total)
Read 4212 bytes (556873 total)
Read 1404 bytes (558277 total)
Read 1404 bytes (559681 total)
Read 1404 bytes (561085 total)
Read 2808 bytes (563893 total)
Read 1404 bytes (565297 total)
Read 1404 bytes (566701 total)
Read 1404 bytes (568105 total)
Read 2808 bytes (570913 total)
Read 1404 bytes (572317 total)
Read 2808 bytes (575125 total)
Read 1404 bytes (576529 total)
Read 8424 bytes (584953 total)
Read 16384 bytes (601337 total)
Read 15908 bytes (617245 total)
Read 1404 bytes (618649 total)
Read 7020 bytes (625669 total)
Read 5616 bytes (631285 total)
Read 1404 bytes (632689 total)
Read 2808 bytes (635497 total)
Read 1404 bytes (636901 total)
Read 16384 bytes (653285 total)
Read 16384 bytes (669669 total)
Read 16384 bytes (686053 total)
Read 16384 bytes (702437 total)
Read 14492 bytes (716929 total)
Read 1404 bytes (718333 total)
Read 1404 bytes (719737 total)
Read 5616 bytes (725353 total)
Read 16384 bytes (741737 total)
Read 11696 bytes (753433 total)
Read 4212 bytes (757645 total)
Read 4212 bytes (761857 total)
Read 2808 bytes (764665 total)
Read 1404 bytes (766069 total)
Read 8424 bytes (774493 total)
Read 9828 bytes (784321 total)
Read 1404 bytes (785725 total)
Read 1404 bytes (787129 total)
Read 4212 bytes (791341 total)
Read 16384 bytes (807725 total)
Read 16384 bytes (824109 total)
Read 5140 bytes (829249 total)
Read 1404 bytes (830653 total)
Read 2808 bytes (833461 total)
Read 4212 bytes (837673 total)
Read 2808 bytes (840481 total)
Read 9828 bytes (850309 total)
Read 8424 bytes (858733 total)
Read 7020 bytes (865753 total)
Read 2808 bytes (868561 total)
Read 7020 bytes (875581 total)
Read 1404 bytes (876985 total)
Read 2808 bytes (879793 total)
Read 1404 bytes (881197 total)
Read 1404 bytes (882601 total)
Read 1404 bytes (884005 total)
Read 1404 bytes (885409 total)
Read 2808 bytes (888217 total)
Read 1404 bytes (889621 total)
Read 1404 bytes (891025 total)
Read 1404 bytes (892429 total)
Read 1404 bytes (893833 total)
Read 1404 bytes (895237 total)
Read 5616 bytes (900853 total)
Read 15444 bytes (916297 total)
Read 8424 bytes (924721 total)
Read 1404 bytes (926125 total)
Read 1404 bytes (927529 total)
Read 4212 bytes (931741 total)
Read 1404 bytes (933145 total)
Read 4212 bytes (937357 total)
Read 1404 bytes (938761 total)
Read 1404 bytes (940165 total)
Read 1404 bytes (941569 total)
Read 2808 bytes (944377 total)
Read 1404 bytes (945781 total)
Read 1404 bytes (947185 total)
Read 2808 bytes (949993 total)
Read 1404 bytes (951397 total)
Read 4212 bytes (955609 total)
Read 1404 bytes (957013 total)
Read 1404 bytes (958417 total)
Read 1404 bytes (959821 total)
Read 2808 bytes (962629 total)
Read 1404 bytes (964033 total)
Read 4212 bytes (968245 total)
Read 8424 bytes (976669 total)
Read 2808 bytes (979477 total)
Read 8424 bytes (987901 total)
Read 2808 bytes (990709 total)
Read 4212 bytes (994921 total)
Read 4212 bytes (999133 total)
Read 2808 bytes (1001941 total)
Read 8424 bytes (1010365 total)
Read 2808 bytes (1013173 total)
Read 1404 bytes (1014577 total)
Read 1404 bytes (1015981 total)
Read 1404 bytes (1017385 total)
Read 5616 bytes (1023001 total)
Read 1404 bytes (1024405 total)
Read 2808 bytes (1027213 total)
Read 4212 bytes (1031425 total)
Read 4212 bytes (1035637 total)
Read 8424 bytes (1044061 total)
Read 4212 bytes (1048273 total)
Read 2808 bytes (1051081 total)
Read 1404 bytes (1052485 total)
Read 2808 bytes (1055293 total)
Read 1404 bytes (1056697 total)
Read 1404 bytes (1058101 total)
Read 1404 bytes (1059505 total)
Read 1404 bytes (1060909 total)
Read 4212 bytes (1065121 total)
Read 2808 bytes (1067929 total)
Read 1404 bytes (1069333 total)
Read 4212 bytes (1073545 total)
Read 1404 bytes (1074949 total)
Read 2808 bytes (1077757 total)
Read 4212 bytes (1081969 total)
Read 1404 bytes (1083373 total)
Read 1404 bytes (1084777 total)
Read 1404 bytes (1086181 total)
Read 1404 bytes (1087585 total)
Read 1404 bytes (1088989 total)
Read 2808 bytes (1091797 total)
Read 2808 bytes (1094605 total)
Read 4212 bytes (1098817 total)
Read 1404 bytes (1100221 total)
Read 8424 bytes (1108645 total)
Read 4212 bytes (1112857 total)
Read 1404 bytes (1114261 total)
Read 1404 bytes (1115665 total)
Read 1404 bytes (1117069 total)
Read 1404 bytes (1118473 total)
Read 1404 bytes (1119877 total)
Read 12636 bytes (1132513 total)
Read 16384 bytes (1148897 total)
Read 3272 bytes (1152169 total)
Read 1404 bytes (1153573 total)
Read 2808 bytes (1156381 total)
Read 4212 bytes (1160593 total)
Read 8424 bytes (1169017 total)
Read 2808 bytes (1171825 total)
Read 11232 bytes (1183057 total)
Read 8424 bytes (1191481 total)
Read 9828 bytes (1201309 total)
Read 1404 bytes (1202713 total)
Read 1404 bytes (1204117 total)
Read 1404 bytes (1205521 total)
Read 1404 bytes (1206925 total)
Read 1404 bytes (1208329 total)
Read 1404 bytes (1209733 total)
Read 1404 bytes (1211137 total)
Read 1404 bytes (1212541 total)
Read 1404 bytes (1213945 total)
Read 2808 bytes (1216753 total)
Read 1404 bytes (1218157 total)
Read 2808 bytes (1220965 total)
Read 4212 bytes (1225177 total)
Read 7020 bytes (1232197 total)
Read 4212 bytes (1236409 total)
Read 1404 bytes (1237813 total)
Read 1404 bytes (1239217 total)
Read 5616 bytes (1244833 total)
Read 2808 bytes (1247641 total)
Read 1404 bytes (1249045 total)
Read 2808 bytes (1251853 total)
Read 5616 bytes (1257469 total)
Read 2808 bytes (1260277 total)
Read 5616 bytes (1265893 total)
Read 2808 bytes (1268701 total)
Read 2808 bytes (1271509 total)
Read 1404 bytes (1272913 total)
Read 5616 bytes (1278529 total)
Read 2808 bytes (1281337 total)
Read 1404 bytes (1282741 total)
Read 2808 bytes (1285549 total)
Read 9828 bytes (1295377 total)
Read 9828 bytes (1305205 total)
Read 9828 bytes (1315033 total)
Read 4212 bytes (1319245 total)
Read 2808 bytes (1322053 total)
Read 1404 bytes (1323457 total)
Read 16384 bytes (1339841 total)
Read 6080 bytes (1345921 total)
Read 1404 bytes (1347325 total)
Read 7020 bytes (1354345 total)
Read 2808 bytes (1357153 total)
Read 16384 bytes (1373537 total)
Read 15908 bytes (1389445 total)
Read 16384 bytes (1405829 total)
Read 10292 bytes (1416121 total)
Read 5616 bytes (1421737 total)
Read 15444 bytes (1437181 total)
Read 2808 bytes (1439989 total)
Read 2808 bytes (1442797 total)
Read 12636 bytes (1455433 total)
Read 4212 bytes (1459645 total)
Read 16384 bytes (1476029 total)
Read 16384 bytes (1492413 total)
Read 16384 bytes (1508797 total)
Read 16384 bytes (1525181 total)
Read 16384 bytes (1541565 total)
Read 16384 bytes (1557949 total)
Read 16384 bytes (1574333 total)
Read 16384 bytes (1590717 total)
Read 16384 bytes (1607101 total)
Read 1368 bytes (1608469 total)
Read 1404 bytes (1609873 total)
Read 2808 bytes (1612681 total)
Read 5616 bytes (1618297 total)
Read 7020 bytes (1625317 total)
Read 1404 bytes (1626721 total)
Read 2808 bytes (1629529 total)
Read 2808 bytes (1632337 total)
Read 1404 bytes (1633741 total)
Read 1404 bytes (1635145 total)
Read 2808 bytes (1637953 total)
Read 5616 bytes (1643569 total)
Read 2808 bytes (1646377 total)
Read 1404 bytes (1647781 total)
Read 1404 bytes (1649185 total)
Read 1404 bytes (1650589 total)
Read 1404 bytes (1651993 total)
Read 1404 bytes (1653397 total)
Read 1404 bytes (1654801 total)
Read 1404 bytes (1656205 total)
Read 1404 bytes (1657609 total)
Read 2808 bytes (1660417 total)
Read 1404 bytes (1661821 total)
Read 2808 bytes (1664629 total)
Read 2808 bytes (1667437 total)
Read 16384 bytes (1683821 total)
Read 464 bytes (1684285 total)
Read 1404 bytes (1685689 total)
Read 7020 bytes (1692709 total)
Read 9828 bytes (1702537 total)
Read 7020 bytes (1709557 total)
Read 1404 bytes (1710961 total)
Read 2808 bytes (1713769 total)
Read 5616 bytes (1719385 total)
Read 1404 bytes (1720789 total)
Read 2808 bytes (1723597 total)
Read 4212 bytes (1727809 total)
Read 2808 bytes (1730617 total)
Read 2808 bytes (1733425 total)
Read 1404 bytes (1734829 total)
Read 1404 bytes (1736233 total)
Read 2808 bytes (1739041 total)
Read 1404 bytes (1740445 total)
Read 1404 bytes (1741849 total)
Read 1404 bytes (1743253 total)
Read 1404 bytes (1744657 total)
Read 2808 bytes (1747465 total)
Read 1404 bytes (1748869 total)
Read 1404 bytes (1750273 total)
Read 1404 bytes (1751677 total)
Read 1404 bytes (1753081 total)
Read 2808 bytes (1755889 total)
Read 2808 bytes (1758697 total)
Read 5616 bytes (1764313 total)
Read 1404 bytes (1765717 total)
Read 1404 bytes (1767121 total)
Read 2808 bytes (1769929 total)
Read 1404 bytes (1771333 total)
Read 1404 bytes (1772737 total)
Read 2808 bytes (1775545 total)
Read 1404 bytes (1776949 total)
Read 1404 bytes (1778353 total)
Read 1404 bytes (1779757 total)
Read 1404 bytes (1781161 total)
Read 8424 bytes (1789585 total)
Read 1404 bytes (1790989 total)
Read 1404 bytes (1792393 total)
Read 2808 bytes (1795201 total)
Read 2808 bytes (1798009 total)
Read 2808 bytes (1800817 total)
Read 1404 bytes (1802221 total)
Read 1404 bytes (1803625 total)
Read 1404 bytes (1805029 total)
Read 5616 bytes (1810645 total)
Read 4212 bytes (1814857 total)
Read 4212 bytes (1819069 total)
Read 4212 bytes (1823281 total)
Read 2808 bytes (1826089 total)
Read 1404 bytes (1827493 total)
Read 2808 bytes (1830301 total)
Read 1404 bytes (1831705 total)
Read 1404 bytes (1833109 total)
Read 4212 bytes (1837321 total)
Read 1404 bytes (1838725 total)
Read 1404 bytes (1840129 total)
Read 2808 bytes (1842937 total)
Read 4212 bytes (1847149 total)
Read 4212 bytes (1851361 total)
Read 2808 bytes (1854169 total)
Read 1404 bytes (1855573 total)
Read 2808 bytes (1858381 total)
Read 1404 bytes (1859785 total)
Read 2808 bytes (1862593 total)
Read 2808 bytes (1865401 total)
Read 5616 bytes (1871017 total)
Read 5616 bytes (1876633 total)
Read 2808 bytes (1879441 total)
Read 1404 bytes (1880845 total)
Read 2808 bytes (1883653 total)
Read 1404 bytes (1885057 total)
Read 1404 bytes (1886461 total)
Read 7020 bytes (1893481 total)
Read 4212 bytes (1897693 total)
Read 2808 bytes (1900501 total)
Read 2808 bytes (1903309 total)
Read 2808 bytes (1906117 total)
Read 1404 bytes (1907521 total)
Read 1404 bytes (1908925 total)
Read 1404 bytes (1910329 total)
Read 1404 bytes (1911733 total)
Read 15444 bytes (1927177 total)
Read 1404 bytes (1928581 total)
Read 9828 bytes (1938409 total)
Read 9828 bytes (1948237 total)
Read 16384 bytes (1964621 total)
Read 464 bytes (1965085 total)
Read 1404 bytes (1966489 total)
Read 4212 bytes (1970701 total)
Read 2808 bytes (1973509 total)
Read 2808 bytes (1976317 total)
Read 16384 bytes (1992701 total)
Read 1868 bytes (1994569 total)
Read 7020 bytes (2001589 total)
Read 2808 bytes (2004397 total)
Read 2808 bytes (2007205 total)
Read 1404 bytes (2008609 total)
Read 16384 bytes (2024993 total)
Read 16384 bytes (2041377 total)
Read 16384 bytes (2057761 total)
Read 16384 bytes (2074145 total)
Read 16384 bytes (2090529 total)
Read 16384 bytes (2106913 total)
Read 16384 bytes (2123297 total)
Read 1844 bytes (2125141 total)
Read 1404 bytes (2126545 total)
Read 1404 bytes (2127949 total)
Read 1404 bytes (2129353 total)
Read 1404 bytes (2130757 total)
Read 7020 bytes (2137777 total)
Read 1404 bytes (2139181 total)
Read 1404 bytes (2140585 total)
Read 1404 bytes (2141989 total)
Read 1404 bytes (2143393 total)
Read 1404 bytes (2144797 total)
Read 16384 bytes (2161181 total)
Read 16384 bytes (2177565 total)
Read 16384 bytes (2193949 total)
Read 16384 bytes (2210333 total)
Read 16384 bytes (2226717 total)
Read 3724 bytes (2230441 total)
Read 1404 bytes (2231845 total)
Read 2808 bytes (2234653 total)
Read 1404 bytes (2236057 total)
Read 2808 bytes (2238865 total)
Read 4212 bytes (2243077 total)
Read 9828 bytes (2252905 total)
Read 14040 bytes (2266945 total)
Read 2808 bytes (2269753 total)
Read 2808 bytes (2272561 total)
Read 1404 bytes (2273965 total)
Read 2808 bytes (2276773 total)
Read 7020 bytes (2283793 total)
Read 1404 bytes (2285197 total)
Read 16384 bytes (2301581 total)
Read 16384 bytes (2317965 total)
Read 16384 bytes (2334349 total)
Read 7008 bytes (2341357 total)
Read 1404 bytes (2342761 total)
Read 2808 bytes (2345569 total)
Read 1404 bytes (2346973 total)
Read 4212 bytes (2351185 total)
Read 1404 bytes (2352589 total)
Read 2808 bytes (2355397 total)
Read 1404 bytes (2356801 total)
Read 4212 bytes (2361013 total)
Read 1404 bytes (2362417 total)
Read 1404 bytes (2363821 total)
Read 1404 bytes (2365225 total)
Read 1404 bytes (2366629 total)
Read 1404 bytes (2368033 total)
Read 2808 bytes (2370841 total)
Read 2808 bytes (2373649 total)
Read 1404 bytes (2375053 total)
Read 1404 bytes (2376457 total)
Read 2808 bytes (2379265 total)
Read 5616 bytes (2384881 total)
Read 7020 bytes (2391901 total)
Read 2808 bytes (2394709 total)
Read 2808 bytes (2397517 total)
Read 2808 bytes (2400325 total)
Read 2808 bytes (2403133 total)
Read 2808 bytes (2405941 total)
Read 1404 bytes (2407345 total)
Read 1404 bytes (2408749 total)
Read 1404 bytes (2410153 total)
Read 1404 bytes (2411557 total)
Read 2808 bytes (2414365 total)
Read 2808 bytes (2417173 total)
Read 1404 bytes (2418577 total)
Read 1404 bytes (2419981 total)
Read 2808 bytes (2422789 total)
Read 1404 bytes (2424193 total)
Read 1404 bytes (2425597 total)
Read 1404 bytes (2427001 total)
Read 4212 bytes (2431213 total)
Read 1404 bytes (2432617 total)
Read 1404 bytes (2434021 total)
Read 1404 bytes (2435425 total)
Read 1404 bytes (2436829 total)
Read 4212 bytes (2441041 total)
Read 2808 bytes (2443849 total)
Read 4212 bytes (2448061 total)
Read 2808 bytes (2450869 total)
Read 1404 bytes (2452273 total)
Read 1404 bytes (2453677 total)
Read 2808 bytes (2456485 total)
Read 8424 bytes (2464909 total)
Read 2808 bytes (2467717 total)
Read 1404 bytes (2469121 total)
Read 4212 bytes (2473333 total)
Read 5616 bytes (2478949 total)
Read 1404 bytes (2480353 total)
Read 2808 bytes (2483161 total)
Read 1404 bytes (2484565 total)
Read 2808 bytes (2487373 total)
Read 11232 bytes (2498605 total)
Read 9828 bytes (2508433 total)
Read 1404 bytes (2509837 total)
Read 1404 bytes (2511241 total)
Read 2808 bytes (2514049 total)
Read 1404 bytes (2515453 total)
Read 2808 bytes (2518261 total)
Read 8424 bytes (2526685 total)
Read 1404 bytes (2528089 total)
Read 1404 bytes (2529493 total)
Read 2808 bytes (2532301 total)
Read 7020 bytes (2539321 total)
Read 1404 bytes (2540725 total)
Read 5616 bytes (2546341 total)
Read 2808 bytes (2549149 total)
Read 4212 bytes (2553361 total)
Read 1404 bytes (2554765 total)
Read 2808 bytes (2557573 total)
Read 1404 bytes (2558977 total)
Read 14713 bytes (2573690 total)
Net::HTTP::Get: /imghp?hl=en&tab=ii
request-header: accept => */*
request-header: user-agent => Mechanize/2.6.0 Ruby/1.9.3p392 (http://github.com/sparklemotion/mechanize/)
request-header: accept-encoding => gzip,deflate,identity
request-header: accept-charset => ISO-8859-1,utf-8;q=0.7,*;q=0.7
request-header: accept-language => en-us,en;q=0.5
request-header: host => www.google.com
status: Net::HTTPOK 1.1 200 OK
response-header: date => Tue, 23 Apr 2013 21:47:07 GMT
response-header: expires => -1
response-header: cache-control => private, max-age=0
response-header: content-type => text/html; charset=ISO-8859-1
response-header: set-cookie => PREF=ID=d9ca4d3936819310:FF=0:TM=1366753627:LM=1366753627:S=SHetqu3LJIiOB4V5; expires=Thu, 23-Apr-2015 21:47:07 GMT; path=/; domain=.google.com, NID=67=FcqEgeLsTrMddi8NQJI_Wa03G_KtNTqxDfskwCLksrCZI9afM-rExsyCGZcfolKK7r8-7zyUy-C_YtbhleBKv6ulioNkuK25rkFi7UI2P4IwCBCTgI9XFVqlWVpUWLd4; expires=Wed, 23-Oct-2013 21:47:07 GMT; path=/; domain=.google.com; HttpOnly
response-header: p3p => CP="This is not a P3P policy! See http://www.google.com/support/accounts/bin/answer.py?hl=en&answer=151657 for more info."
response-header: server => gws
response-header: x-xss-protection => 1; mode=block
response-header: x-frame-options => SAMEORIGIN
response-header: transfer-encoding => chunked
Read 634 bytes (634 total)
Read 9327 bytes (9961 total)
saved cookie: PREF=ID=d9ca4d3936819310:FF=0:TM=1366753627:LM=1366753627:S=SHetqu3LJIiOB4V5
saved cookie: NID=67=FcqEgeLsTrMddi8NQJI_Wa03G_KtNTqxDfskwCLksrCZI9afM-rExsyCGZcfolKK7r8-7zyUy-C_YtbhleBKv6ulioNkuK25rkFi7UI2P4IwCBCTgI9XFVqlWVpUWLd4
form encoding: ISO-8859-1
Net::HTTP::Get: /search?tbm=isch&ie=ISO-8859-1&hl=en&source=hp&q=Pizza&gbv=1
request-header: accept => */*
request-header: user-agent => Mechanize/2.6.0 Ruby/1.9.3p392 (http://github.com/sparklemotion/mechanize/)
request-header: accept-encoding => gzip,deflate,identity
request-header: accept-charset => ISO-8859-1,utf-8;q=0.7,*;q=0.7
request-header: accept-language => en-us,en;q=0.5
request-header: cookie => PREF=ID=d9ca4d3936819310:FF=0:TM=1366753627:LM=1366753627:S=SHetqu3LJIiOB4V5; NID=67=FcqEgeLsTrMddi8NQJI_Wa03G_KtNTqxDfskwCLksrCZI9afM-rExsyCGZcfolKK7r8-7zyUy-C_YtbhleBKv6ulioNkuK25rkFi7UI2P4IwCBCTgI9XFVqlWVpUWLd4
request-header: host => www.google.com
request-header: referer => http://www.google.com/imghp?hl=en&tab=ii
status: Net::HTTPOK 1.1 200 OK
response-header: date => Tue, 23 Apr 2013 21:47:08 GMT
response-header: expires => -1
response-header: cache-control => private, max-age=0
response-header: content-type => text/html; charset=ISO-8859-1
response-header: set-cookie => PREF=ID=d9ca4d3936819310:U=0689c0e44697d99c:FF=0:TM=1366753627:LM=1366753628:S=aRKwHM7XBCTHEb_x; expires=Thu, 23-Apr-2015 21:47:08 GMT; path=/; domain=.google.com
response-header: server => gws
response-header: x-xss-protection => 1; mode=block
response-header: x-frame-options => SAMEORIGIN
response-header: transfer-encoding => chunked
Read 970 bytes (970 total)
Read 1404 bytes (2374 total)
Read 11039 bytes (13413 total)
Read 5337 bytes (18750 total)
Read 273 bytes (19023 total)
Read 1404 bytes (20427 total)
Read 4212 bytes (24639 total)
Read 4212 bytes (28851 total)
Read 1404 bytes (30255 total)
Read 2808 bytes (33063 total)
Read 2808 bytes (35871 total)
Read 2808 bytes (38679 total)
Read 1404 bytes (40083 total)
Read 626 bytes (40709 total)
saved cookie: PREF=ID=d9ca4d3936819310:U=0689c0e44697d99c:FF=0:TM=1366753627:LM=1366753628:S=aRKwHM7XBCTHEb_x
Net::HTTP::Get: /-Lz-g9K2Mc8A/UH-YAgdMRJI/AAAAAAAALoI/45KMc_bLRFc/s1600/papa_murphys_jack-o-lantern_pizza.jpg
request-header: accept => */*
request-header: user-agent => Mechanize/2.6.0 Ruby/1.9.3p392 (http://github.com/sparklemotion/mechanize/)
request-header: accept-encoding => gzip,deflate,identity
request-header: accept-charset => ISO-8859-1,utf-8;q=0.7,*;q=0.7
request-header: accept-language => en-us,en;q=0.5
request-header: host => 3.bp.blogspot.com
status: Net::HTTPOK 1.1 200 OK
response-header: access-control-allow-origin => *
response-header: etag => "v2e82"
response-header: expires => Tue, 23 Apr 2013 15:58:15 GMT
response-header: content-disposition => inline;filename="papa_murphys_jack-o-lantern_pizza.jpg"
response-header: content-type => image/jpeg
response-header: x-content-type-options => nosniff
response-header: date => Tue, 23 Apr 2013 21:47:10 GMT
response-header: server => fife
response-header: content-length => 170649
response-header: x-xss-protection => 1; mode=block
response-header: cache-control => public, max-age=86400, no-transform
response-header: age => 0
Read 993 bytes (993 total)
Read 8424 bytes (9417 total)
Read 4212 bytes (13629 total)
Read 1404 bytes (15033 total)
Read 2808 bytes (17841 total)
Read 4212 bytes (22053 total)
Read 11232 bytes (33285 total)
Read 8424 bytes (41709 total)
Read 1404 bytes (43113 total)
Read 2808 bytes (45921 total)
Read 2808 bytes (48729 total)
Read 1404 bytes (50133 total)
Read 4212 bytes (54345 total)
Read 2808 bytes (57153 total)
Read 1404 bytes (58557 total)
Read 2808 bytes (61365 total)
Read 1404 bytes (62769 total)
Read 1404 bytes (64173 total)
Read 1404 bytes (65577 total)
Read 1404 bytes (66981 total)
Read 2808 bytes (69789 total)
Read 1404 bytes (71193 total)
Read 1404 bytes (72597 total)
Read 1404 bytes (74001 total)
Read 1404 bytes (75405 total)
Read 2808 bytes (78213 total)
Read 2808 bytes (81021 total)
Read 1404 bytes (82425 total)
Read 1404 bytes (83829 total)
Read 2808 bytes (86637 total)
Read 1404 bytes (88041 total)
Read 2808 bytes (90849 total)
Read 1404 bytes (92253 total)
Read 2808 bytes (95061 total)
Read 2808 bytes (97869 total)
Read 1404 bytes (99273 total)
Read 2808 bytes (102081 total)
Read 1404 bytes (103485 total)
Read 2808 bytes (106293 total)
Read 1404 bytes (107697 total)
Read 1404 bytes (109101 total)
Read 1404 bytes (110505 total)
Read 2808 bytes (113313 total)
Read 1404 bytes (114717 total)
Read 1404 bytes (116121 total)
Read 1404 bytes (117525 total)
Read 1404 bytes (118929 total)
Read 2808 bytes (121737 total)
Read 1404 bytes (123141 total)
Read 1404 bytes (124545 total)
Read 1404 bytes (125949 total)
Read 9828 bytes (135777 total)
Read 1404 bytes (137181 total)
Read 1404 bytes (138585 total)
Read 1404 bytes (139989 total)
Read 1404 bytes (141393 total)
Read 1404 bytes (142797 total)
Read 1404 bytes (144201 total)
Read 1404 bytes (145605 total)
Read 2808 bytes (148413 total)
Read 2808 bytes (151221 total)
Read 2808 bytes (154029 total)
Read 2808 bytes (156837 total)
Read 2808 bytes (159645 total)
Read 1404 bytes (161049 total)
Read 2808 bytes (163857 total)
Read 2808 bytes (166665 total)
Read 3984 bytes (170649 total)
Net::HTTP::Get: /imghp?hl=en&tab=ii
request-header: accept => */*
request-header: user-agent => Mechanize/2.6.0 Ruby/1.9.3p392 (http://github.com/sparklemotion/mechanize/)
request-header: accept-encoding => gzip,deflate,identity
request-header: accept-charset => ISO-8859-1,utf-8;q=0.7,*;q=0.7
request-header: accept-language => en-us,en;q=0.5
request-header: host => www.google.com
status: Net::HTTPOK 1.1 200 OK
response-header: date => Tue, 23 Apr 2013 23:53:58 GMT
response-header: expires => -1
response-header: cache-control => private, max-age=0
response-header: content-type => text/html; charset=ISO-8859-1
response-header: set-cookie => PREF=ID=bce657e5c96bdd73:FF=0:TM=1366761238:LM=1366761238:S=xwAFfUcxTVJzdoRs; expires=Thu, 23-Apr-2015 23:53:58 GMT; path=/; domain=.google.com, NID=67=Jid-HMll8NzpIRXQn7PgucxjM_L3laZwYofwBBsgqL1f8v7EE9-8EAw1kqKmZTh1jSeSOTljmXdiuLg8rUb6XVb97r-XjlhVPIk7OMIDmKAwCBh9P_82TzPqNOLGqyWq; expires=Wed, 23-Oct-2013 23:53:58 GMT; path=/; domain=.google.com; HttpOnly
response-header: p3p => CP="This is not a P3P policy! See http://www.google.com/support/accounts/bin/answer.py?hl=en&answer=151657 for more info."
response-header: server => gws
response-header: x-xss-protection => 1; mode=block
response-header: x-frame-options => SAMEORIGIN
response-header: transfer-encoding => chunked
Read 634 bytes (634 total)
Read 2808 bytes (3442 total)
Read 6455 bytes (9897 total)
saved cookie: PREF=ID=bce657e5c96bdd73:FF=0:TM=1366761238:LM=1366761238:S=xwAFfUcxTVJzdoRs
saved cookie: NID=67=Jid-HMll8NzpIRXQn7PgucxjM_L3laZwYofwBBsgqL1f8v7EE9-8EAw1kqKmZTh1jSeSOTljmXdiuLg8rUb6XVb97r-XjlhVPIk7OMIDmKAwCBh9P_82TzPqNOLGqyWq
form encoding: ISO-8859-1
Net::HTTP::Get: /search?tbm=isch&ie=ISO-8859-1&hl=en&source=hp&q=Papaya&gbv=1
request-header: accept => */*
request-header: user-agent => Mechanize/2.6.0 Ruby/1.9.3p392 (http://github.com/sparklemotion/mechanize/)
request-header: accept-encoding => gzip,deflate,identity
request-header: accept-charset => ISO-8859-1,utf-8;q=0.7,*;q=0.7
request-header: accept-language => en-us,en;q=0.5
request-header: cookie => PREF=ID=bce657e5c96bdd73:FF=0:TM=1366761238:LM=1366761238:S=xwAFfUcxTVJzdoRs; NID=67=Jid-HMll8NzpIRXQn7PgucxjM_L3laZwYofwBBsgqL1f8v7EE9-8EAw1kqKmZTh1jSeSOTljmXdiuLg8rUb6XVb97r-XjlhVPIk7OMIDmKAwCBh9P_82TzPqNOLGqyWq
request-header: host => www.google.com
request-header: referer => http://www.google.com/imghp?hl=en&tab=ii
status: Net::HTTPOK 1.1 200 OK
response-header: date => Tue, 23 Apr 2013 23:53:58 GMT
response-header: expires => -1
response-header: cache-control => private, max-age=0
response-header: content-type => text/html; charset=ISO-8859-1
response-header: set-cookie => PREF=ID=bce657e5c96bdd73:U=b783261df43708b5:FF=0:TM=1366761238:LM=1366761238:S=qRGpAW9SGqFpHnHw; expires=Thu, 23-Apr-2015 23:53:58 GMT; path=/; domain=.google.com
response-header: server => gws
response-header: x-xss-protection => 1; mode=block
response-header: x-frame-options => SAMEORIGIN
response-header: transfer-encoding => chunked
Read 2374 bytes (2374 total)
Read 5616 bytes (7990 total)
Read 5430 bytes (13420 total)
Read 1398 bytes (14818 total)
Read 1404 bytes (16222 total)
Read 5616 bytes (21838 total)
Read 4212 bytes (26050 total)
Read 2808 bytes (28858 total)
Read 1404 bytes (30262 total)
Read 1404 bytes (31666 total)
Read 1404 bytes (33070 total)
Read 1404 bytes (34474 total)
Read 5616 bytes (40090 total)
Read 941 bytes (41031 total)
saved cookie: PREF=ID=bce657e5c96bdd73:U=b783261df43708b5:FF=0:TM=1366761238:LM=1366761238:S=qRGpAW9SGqFpHnHw
Net::HTTP::Get: /images/Papaya%2520Solo%2520.jpeg.jpg
request-header: accept => */*
request-header: user-agent => Mechanize/2.6.0 Ruby/1.9.3p392 (http://github.com/sparklemotion/mechanize/)
request-header: accept-encoding => gzip,deflate,identity
request-header: accept-charset => ISO-8859-1,utf-8;q=0.7,*;q=0.7
request-header: accept-language => en-us,en;q=0.5
request-header: host => www.floridahillnursery.com
status: Net::HTTPNotFound 1.1 404 Not Found
response-header: date => Tue, 23 Apr 2013 23:54:00 GMT
response-header: server => Apache
response-header: expires => Thu, 19 Nov 1981 08:52:00 GMT
response-header: cache-control => no-store, no-cache, must-revalidate, post-check=0, pre-check=0
response-header: pragma => no-cache
response-header: content-encoding => gzip
response-header: vary => Accept-Encoding
response-header: set-cookie => zenid=gap4d89ln4c29eqrt5s3t2l3m3; path=/; domain=.www.floridahillnursery.com; HttpOnly
response-header: keep-alive => timeout=5, max=100
response-header: connection => Keep-Alive
response-header: transfer-encoding => chunked
response-header: content-type => text/html
Read 926 bytes (926 total)
Read 1404 bytes (2330 total)
Read 1404 bytes (3734 total)
Read 3027 bytes (6761 total)
gzip response
saved cookie: zenid=gap4d89ln4c29eqrt5s3t2l3m3
Net::HTTP::Get: /wikipedia/commons/0/0b/Carica_papaya_-_papaya_-_var-tropical_dwarf_papaya_-_desc-fruit.jpg
request-header: accept => */*
request-header: user-agent => Mechanize/2.6.0 Ruby/1.9.3p392 (http://github.com/sparklemotion/mechanize/)
request-header: accept-encoding => gzip,deflate,identity
request-header: accept-charset => ISO-8859-1,utf-8;q=0.7,*;q=0.7
request-header: accept-language => en-us,en;q=0.5
request-header: host => upload.wikimedia.org
status: Net::HTTPOK 1.1 200 OK
response-header: x-object-meta-sha1base36 => l6hcsqxnzlr6h4xhhn72n8yy5wsigk8
response-header: last-modified => Thu, 12 Jul 2012 22:04:18 GMT
response-header: etag => 3dbec9255c63047de6614426173d92b2
response-header: x-timestamp => 1342130658.83769
response-header: content-type => image/jpeg
response-header: x-varnish => 3189513072 3187622109, 386716384
response-header: via => 1.1 varnish, 1.1 varnish
response-header: content-length => 148572
response-header: accept-ranges => bytes
response-header: date => Tue, 23 Apr 2013 23:54:02 GMT
response-header: age => 1905
response-header: connection => keep-alive
response-header: x-cache => cp1030 hit (5), dysprosium frontend miss (0)
response-header: access-control-allow-origin => *
Read 902 bytes (902 total)
Read 12636 bytes (13538 total)
Read 1404 bytes (14942 total)
Read 8424 bytes (23366 total)
Read 5616 bytes (28982 total)
Read 1404 bytes (30386 total)
Read 1404 bytes (31790 total)
Read 2808 bytes (34598 total)
Read 1404 bytes (36002 total)
Read 2808 bytes (38810 total)
Read 8424 bytes (47234 total)
Read 7020 bytes (54254 total)
Read 1404 bytes (55658 total)
Read 4212 bytes (59870 total)
Read 4212 bytes (64082 total)
Read 1404 bytes (65486 total)
Read 1404 bytes (66890 total)
Read 1404 bytes (68294 total)
Read 4212 bytes (72506 total)
Read 16384 bytes (88890 total)
Read 3272 bytes (92162 total)
Read 4212 bytes (96374 total)
Read 1404 bytes (97778 total)
Read 2808 bytes (100586 total)
Read 2808 bytes (103394 total)
Read 1404 bytes (104798 total)
Read 7020 bytes (111818 total)
Read 7020 bytes (118838 total)
Read 1404 bytes (120242 total)
Read 2808 bytes (123050 total)
Read 2808 bytes (125858 total)
Read 2808 bytes (128666 total)
Read 2808 bytes (131474 total)
Read 4212 bytes (135686 total)
Read 2808 bytes (138494 total)
Read 2808 bytes (141302 total)
Read 1404 bytes (142706 total)
Read 2808 bytes (145514 total)
Read 1404 bytes (146918 total)
Read 1654 bytes (148572 total)
Net::HTTP::Get: /imghp?hl=en&tab=ii
request-header: accept => */*
request-header: user-agent => Mechanize/2.6.0 Ruby/1.9.3p392 (http://github.com/sparklemotion/mechanize/)
request-header: accept-encoding => gzip,deflate,identity
request-header: accept-charset => ISO-8859-1,utf-8;q=0.7,*;q=0.7
request-header: accept-language => en-us,en;q=0.5
request-header: host => www.google.com
status: Net::HTTPOK 1.1 200 OK
response-header: date => Tue, 23 Apr 2013 23:54:02 GMT
response-header: expires => -1
response-header: cache-control => private, max-age=0
response-header: content-type => text/html; charset=ISO-8859-1
response-header: set-cookie => PREF=ID=d3aeccdc4d417381:FF=0:TM=1366761242:LM=1366761242:S=lEhp5rhjxOEvS8Kf; expires=Thu, 23-Apr-2015 23:54:02 GMT; path=/; domain=.google.com, NID=67=cZcLu3u5JmHuQG3f8fndK15vRp-C5E8PTFM8Mu7S1hBSqi1Ii9WXqIPaBUXirM1EZ5yh4mHSpo7ukJ7qOLn4ORTxsiTATCkhVF05aULRrX8Hm06F8IDs24nEcpXKcVF2; expires=Wed, 23-Oct-2013 23:54:02 GMT; path=/; domain=.google.com; HttpOnly
response-header: p3p => CP="This is not a P3P policy! See http://www.google.com/support/accounts/bin/answer.py?hl=en&answer=151657 for more info."
response-header: server => gws
response-header: x-xss-protection => 1; mode=block
response-header: x-frame-options => SAMEORIGIN
response-header: transfer-encoding => chunked
Read 6250 bytes (6250 total)
Read 3695 bytes (9945 total)
saved cookie: PREF=ID=d3aeccdc4d417381:FF=0:TM=1366761242:LM=1366761242:S=lEhp5rhjxOEvS8Kf
saved cookie: NID=67=cZcLu3u5JmHuQG3f8fndK15vRp-C5E8PTFM8Mu7S1hBSqi1Ii9WXqIPaBUXirM1EZ5yh4mHSpo7ukJ7qOLn4ORTxsiTATCkhVF05aULRrX8Hm06F8IDs24nEcpXKcVF2
form encoding: ISO-8859-1
Net::HTTP::Get: /search?tbm=isch&ie=ISO-8859-1&hl=en&source=hp&q=Papaya&gbv=1
request-header: accept => */*
request-header: user-agent => Mechanize/2.6.0 Ruby/1.9.3p392 (http://github.com/sparklemotion/mechanize/)
request-header: accept-encoding => gzip,deflate,identity
request-header: accept-charset => ISO-8859-1,utf-8;q=0.7,*;q=0.7
request-header: accept-language => en-us,en;q=0.5
request-header: cookie => PREF=ID=d3aeccdc4d417381:FF=0:TM=1366761242:LM=1366761242:S=lEhp5rhjxOEvS8Kf; NID=67=cZcLu3u5JmHuQG3f8fndK15vRp-C5E8PTFM8Mu7S1hBSqi1Ii9WXqIPaBUXirM1EZ5yh4mHSpo7ukJ7qOLn4ORTxsiTATCkhVF05aULRrX8Hm06F8IDs24nEcpXKcVF2
request-header: host => www.google.com
request-header: referer => http://www.google.com/imghp?hl=en&tab=ii
status: Net::HTTPOK 1.1 200 OK
response-header: date => Tue, 23 Apr 2013 23:54:02 GMT
response-header: expires => -1
response-header: cache-control => private, max-age=0
response-header: content-type => text/html; charset=ISO-8859-1
response-header: set-cookie => PREF=ID=d3aeccdc4d417381:U=59ed78ad5386304f:FF=0:TM=1366761242:LM=1366761242:S=HuiJHjzTSt5yPOil; expires=Thu, 23-Apr-2015 23:54:02 GMT; path=/; domain=.google.com
response-header: server => gws
response-header: x-xss-protection => 1; mode=block
response-header: x-frame-options => SAMEORIGIN
response-header: transfer-encoding => chunked
Read 2374 bytes (2374 total)
Read 5616 bytes (7990 total)
Read 4212 bytes (12202 total)
Read 1218 bytes (13420 total)
Read 1398 bytes (14818 total)
Read 2808 bytes (17626 total)
Read 2808 bytes (20434 total)
Read 8424 bytes (28858 total)
Read 12173 bytes (41031 total)
saved cookie: PREF=ID=d3aeccdc4d417381:U=59ed78ad5386304f:FF=0:TM=1366761242:LM=1366761242:S=HuiJHjzTSt5yPOil
Net::HTTP::Get: /images/Papaya%2520Solo%2520.jpeg.jpg
request-header: accept => */*
request-header: user-agent => Mechanize/2.6.0 Ruby/1.9.3p392 (http://github.com/sparklemotion/mechanize/)
request-header: accept-encoding => gzip,deflate,identity
request-header: accept-charset => ISO-8859-1,utf-8;q=0.7,*;q=0.7
request-header: accept-language => en-us,en;q=0.5
request-header: host => www.floridahillnursery.com
status: Net::HTTPNotFound 1.1 404 Not Found
response-header: date => Tue, 23 Apr 2013 23:54:02 GMT
response-header: server => Apache
response-header: expires => Thu, 19 Nov 1981 08:52:00 GMT
response-header: cache-control => no-store, no-cache, must-revalidate, post-check=0, pre-check=0
response-header: pragma => no-cache
response-header: content-encoding => gzip
response-header: vary => Accept-Encoding
response-header: set-cookie => zenid=qema1vsjpvsd71rolngrjn8m70; path=/; domain=.www.floridahillnursery.com; HttpOnly
response-header: keep-alive => timeout=5, max=99
response-header: connection => Keep-Alive
response-header: transfer-encoding => chunked
response-header: content-type => text/html
Read 927 bytes (927 total)
Read 5874 bytes (6801 total)
gzip response
saved cookie: zenid=qema1vsjpvsd71rolngrjn8m70
Net::HTTP::Get: /wikipedia/commons/0/0b/Carica_papaya_-_papaya_-_var-tropical_dwarf_papaya_-_desc-fruit.jpg
request-header: accept => */*
request-header: user-agent => Mechanize/2.6.0 Ruby/1.9.3p392 (http://github.com/sparklemotion/mechanize/)
request-header: accept-encoding => gzip,deflate,identity
request-header: accept-charset => ISO-8859-1,utf-8;q=0.7,*;q=0.7
request-header: accept-language => en-us,en;q=0.5
request-header: host => upload.wikimedia.org
status: Net::HTTPOK 1.1 200 OK
response-header: x-object-meta-sha1base36 => l6hcsqxnzlr6h4xhhn72n8yy5wsigk8
response-header: last-modified => Thu, 12 Jul 2012 22:04:18 GMT
response-header: etag => 3dbec9255c63047de6614426173d92b2
response-header: x-timestamp => 1342130658.83769
response-header: content-type => image/jpeg
response-header: x-varnish => 3189513072 3187622109, 386732473 386716384
response-header: via => 1.1 varnish, 1.1 varnish
response-header: content-length => 148572
response-header: accept-ranges => bytes
response-header: date => Tue, 23 Apr 2013 23:54:03 GMT
response-header: age => 1906
response-header: connection => keep-alive
response-header: x-cache => cp1030 hit (5), dysprosium frontend hit (1)
response-header: access-control-allow-origin => *
Read 893 bytes (893 total)
Read 2808 bytes (3701 total)
Read 7020 bytes (10721 total)
Read 2808 bytes (13529 total)
Read 5616 bytes (19145 total)
Read 11232 bytes (30377 total)
Read 16384 bytes (46761 total)
Read 11696 bytes (58457 total)
Read 5616 bytes (64073 total)
Read 1404 bytes (65477 total)
Read 2808 bytes (68285 total)
Read 1404 bytes (69689 total)
Read 5616 bytes (75305 total)
Read 2808 bytes (78113 total)
Read 5616 bytes (83729 total)
Read 7020 bytes (90749 total)
Read 1404 bytes (92153 total)
Read 1404 bytes (93557 total)
Read 7020 bytes (100577 total)
Read 1404 bytes (101981 total)
Read 1404 bytes (103385 total)
Read 5616 bytes (109001 total)
Read 5616 bytes (114617 total)
Read 1404 bytes (116021 total)
Read 11232 bytes (127253 total)
Read 1404 bytes (128657 total)
Read 1404 bytes (130061 total)
Read 7020 bytes (137081 total)
Read 4212 bytes (141293 total)
Read 7279 bytes (148572 total)
